2019-09-29 11:20:41 - PHP Notice:  Undefined variable: setting in C:\xampp\htdocs\webbanhang\catalog\controller\product\category.php on line 156
2019-09-29 11:20:41 - PHP Notice:  Undefined variable: setting in C:\xampp\htdocs\webbanhang\catalog\controller\product\category.php on line 156
2019-09-29 11:20:41 - PHP Warning:  imagecreatetruecolor(): Invalid image dimensions in C:\xampp\htdocs\webbanhang\system\library\image.php on line 169
2019-09-29 11:20:41 - PHP Warning:  imagecolorallocate() expects parameter 1 to be resource, bool given in C:\xampp\htdocs\webbanhang\system\library\image.php on line 177
2019-09-29 11:20:41 - PHP Warning:  imagefilledrectangle() expects parameter 1 to be resource, bool given in C:\xampp\htdocs\webbanhang\system\library\image.php on line 180
2019-09-29 11:20:41 - PHP Warning:  imagecopyresampled() expects parameter 1 to be resource, bool given in C:\xampp\htdocs\webbanhang\system\library\image.php on line 182
2019-09-29 11:20:41 - PHP Notice:  Undefined variable: setting in C:\xampp\htdocs\webbanhang\catalog\controller\product\category.php on line 156
2019-09-29 11:20:41 - PHP Notice:  Undefined variable: setting in C:\xampp\htdocs\webbanhang\catalog\controller\product\category.php on line 156
2019-09-29 11:20:41 - PHP Warning:  imagecreatetruecolor(): Invalid image dimensions in C:\xampp\htdocs\webbanhang\system\library\image.php on line 169
2019-09-29 11:20:41 - PHP Warning:  imagecolorallocate() expects parameter 1 to be resource, bool given in C:\xampp\htdocs\webbanhang\system\library\image.php on line 177
2019-09-29 11:20:41 - PHP Warning:  imagefilledrectangle() expects parameter 1 to be resource, bool given in C:\xampp\htdocs\webbanhang\system\library\image.php on line 180
2019-09-29 11:20:41 - PHP Warning:  imagecopyresampled() expects parameter 1 to be resource, bool given in C:\xampp\htdocs\webbanhang\system\library\image.php on line 182
2019-09-29 11:20:41 - PHP Notice:  Undefined variable: setting in C:\xampp\htdocs\webbanhang\catalog\controller\product\category.php on line 156
2019-09-29 11:20:41 - PHP Notice:  Undefined variable: setting in C:\xampp\htdocs\webbanhang\catalog\controller\product\category.php on line 156
2019-09-29 11:20:41 - PHP Warning:  imagecreatetruecolor(): Invalid image dimensions in C:\xampp\htdocs\webbanhang\system\library\image.php on line 169
2019-09-29 11:20:41 - PHP Warning:  imagecolorallocate() expects parameter 1 to be resource, bool given in C:\xampp\htdocs\webbanhang\system\library\image.php on line 177
2019-09-29 11:20:41 - PHP Warning:  imagefilledrectangle() expects parameter 1 to be resource, bool given in C:\xampp\htdocs\webbanhang\system\library\image.php on line 180
2019-09-29 11:20:41 - PHP Warning:  imagecopyresampled() expects parameter 1 to be resource, bool given in C:\xampp\htdocs\webbanhang\system\library\image.php on line 182
2019-09-29 11:20:41 - PHP Notice:  Undefined variable: setting in C:\xampp\htdocs\webbanhang\catalog\controller\product\category.php on line 156
2019-09-29 11:20:41 - PHP Notice:  Undefined variable: setting in C:\xampp\htdocs\webbanhang\catalog\controller\product\category.php on line 156
2019-09-29 11:20:41 - PHP Warning:  imagecreatetruecolor(): Invalid image dimensions in C:\xampp\htdocs\webbanhang\system\library\image.php on line 169
2019-09-29 11:20:41 - PHP Warning:  imagecolorallocate() expects parameter 1 to be resource, bool given in C:\xampp\htdocs\webbanhang\system\library\image.php on line 177
2019-09-29 11:20:41 - PHP Warning:  imagefilledrectangle() expects parameter 1 to be resource, bool given in C:\xampp\htdocs\webbanhang\system\library\image.php on line 180
2019-09-29 11:20:41 - PHP Warning:  imagecopyresampled() expects parameter 1 to be resource, bool given in C:\xampp\htdocs\webbanhang\system\library\image.php on line 182
2019-09-29 11:20:41 - PHP Notice:  Undefined variable: setting in C:\xampp\htdocs\webbanhang\catalog\controller\product\category.php on line 156
2019-09-29 11:20:41 - PHP Notice:  Undefined variable: setting in C:\xampp\htdocs\webbanhang\catalog\controller\product\category.php on line 156
2019-09-29 11:20:41 - PHP Warning:  imagecreatetruecolor(): Invalid image dimensions in C:\xampp\htdocs\webbanhang\system\library\image.php on line 169
2019-09-29 11:20:41 - PHP Warning:  imagecolorallocate() expects parameter 1 to be resource, bool given in C:\xampp\htdocs\webbanhang\system\library\image.php on line 177
2019-09-29 11:20:41 - PHP Warning:  imagefilledrectangle() expects parameter 1 to be resource, bool given in C:\xampp\htdocs\webbanhang\system\library\image.php on line 180
2019-09-29 11:20:41 - PHP Warning:  imagecopyresampled() expects parameter 1 to be resource, bool given in C:\xampp\htdocs\webbanhang\system\library\image.php on line 182
2019-09-29 11:20:41 - PHP Notice:  Undefined variable: setting in C:\xampp\htdocs\webbanhang\catalog\controller\product\category.php on line 156
2019-09-29 11:20:41 - PHP Notice:  Undefined variable: setting in C:\xampp\htdocs\webbanhang\catalog\controller\product\category.php on line 156
2019-09-29 11:20:41 - PHP Warning:  imagecreatetruecolor(): Invalid image dimensions in C:\xampp\htdocs\webbanhang\system\library\image.php on line 169
2019-09-29 11:20:41 - PHP Warning:  imagecolorallocate() expects parameter 1 to be resource, bool given in C:\xampp\htdocs\webbanhang\system\library\image.php on line 177
2019-09-29 11:20:41 - PHP Warning:  imagefilledrectangle() expects parameter 1 to be resource, bool given in C:\xampp\htdocs\webbanhang\system\library\image.php on line 180
2019-09-29 11:20:41 - PHP Warning:  imagecopyresampled() expects parameter 1 to be resource, bool given in C:\xampp\htdocs\webbanhang\system\library\image.php on line 182
2019-09-29 11:20:41 - PHP Notice:  Undefined variable: setting in C:\xampp\htdocs\webbanhang\catalog\controller\product\category.php on line 156
2019-09-29 11:20:41 - PHP Notice:  Undefined variable: setting in C:\xampp\htdocs\webbanhang\catalog\controller\product\category.php on line 156
2019-09-29 11:20:41 - PHP Warning:  imagecreatetruecolor(): Invalid image dimensions in C:\xampp\htdocs\webbanhang\system\library\image.php on line 169
2019-09-29 11:20:41 - PHP Warning:  imagecolorallocate() expects parameter 1 to be resource, bool given in C:\xampp\htdocs\webbanhang\system\library\image.php on line 177
2019-09-29 11:20:41 - PHP Warning:  imagefilledrectangle() expects parameter 1 to be resource, bool given in C:\xampp\htdocs\webbanhang\system\library\image.php on line 180
2019-09-29 11:20:41 - PHP Warning:  imagecopyresampled() expects parameter 1 to be resource, bool given in C:\xampp\htdocs\webbanhang\system\library\image.php on line 182
2019-09-29 11:20:41 - PHP Notice:  Undefined variable: setting in C:\xampp\htdocs\webbanhang\catalog\controller\product\category.php on line 156
2019-09-29 11:20:41 - PHP Notice:  Undefined variable: setting in C:\xampp\htdocs\webbanhang\catalog\controller\product\category.php on line 156
2019-09-29 11:20:41 - PHP Warning:  imagecreatetruecolor(): Invalid image dimensions in C:\xampp\htdocs\webbanhang\system\library\image.php on line 169
2019-09-29 11:20:41 - PHP Warning:  imagecolorallocate() expects parameter 1 to be resource, bool given in C:\xampp\htdocs\webbanhang\system\library\image.php on line 177
2019-09-29 11:20:41 - PHP Warning:  imagefilledrectangle() expects parameter 1 to be resource, bool given in C:\xampp\htdocs\webbanhang\system\library\image.php on line 180
2019-09-29 11:20:41 - PHP Warning:  imagecopyresampled() expects parameter 1 to be resource, bool given in C:\xampp\htdocs\webbanhang\system\library\image.php on line 182
2019-09-29 11:20:41 - PHP Notice:  Undefined variable: setting in C:\xampp\htdocs\webbanhang\catalog\controller\product\category.php on line 156
2019-09-29 11:20:41 - PHP Notice:  Undefined variable: setting in C:\xampp\htdocs\webbanhang\catalog\controller\product\category.php on line 156
2019-09-29 11:20:41 - PHP Warning:  imagecreatetruecolor(): Invalid image dimensions in C:\xampp\htdocs\webbanhang\system\library\image.php on line 169
2019-09-29 11:20:41 - PHP Warning:  imagecolorallocate() expects parameter 1 to be resource, bool given in C:\xampp\htdocs\webbanhang\system\library\image.php on line 177
2019-09-29 11:20:41 - PHP Warning:  imagefilledrectangle() expects parameter 1 to be resource, bool given in C:\xampp\htdocs\webbanhang\system\library\image.php on line 180
2019-09-29 11:20:41 - PHP Warning:  imagecopyresampled() expects parameter 1 to be resource, bool given in C:\xampp\htdocs\webbanhang\system\library\image.php on line 182
2019-09-29 11:20:41 - PHP Notice:  Undefined variable: setting in C:\xampp\htdocs\webbanhang\catalog\controller\product\category.php on line 156
2019-09-29 11:20:41 - PHP Notice:  Undefined variable: setting in C:\xampp\htdocs\webbanhang\catalog\controller\product\category.php on line 156
2019-09-29 11:20:41 - PHP Warning:  imagecreatetruecolor(): Invalid image dimensions in C:\xampp\htdocs\webbanhang\system\library\image.php on line 169
2019-09-29 11:20:41 - PHP Warning:  imagecolorallocate() expects parameter 1 to be resource, bool given in C:\xampp\htdocs\webbanhang\system\library\image.php on line 177
2019-09-29 11:20:41 - PHP Warning:  imagefilledrectangle() expects parameter 1 to be resource, bool given in C:\xampp\htdocs\webbanhang\system\library\image.php on line 180
2019-09-29 11:20:41 - PHP Warning:  imagecopyresampled() expects parameter 1 to be resource, bool given in C:\xampp\htdocs\webbanhang\system\library\image.php on line 182
2019-09-29 11:20:42 - PHP Notice:  Array to string conversion in C:\xampp\htdocs\webbanhang\system\library\template\Twig\Environment.php(403) : eval()'d code on line 198
2019-09-29 11:20:42 - PHP Notice:  Array to string conversion in C:\xampp\htdocs\webbanhang\system\library\template\Twig\Environment.php(403) : eval()'d code on line 198
2019-09-29 11:20:42 - PHP Notice:  Array to string conversion in C:\xampp\htdocs\webbanhang\system\library\template\Twig\Environment.php(403) : eval()'d code on line 198
2019-09-29 11:20:42 - PHP Notice:  Array to string conversion in C:\xampp\htdocs\webbanhang\system\library\template\Twig\Environment.php(403) : eval()'d code on line 198
2019-09-29 11:20:42 - PHP Notice:  Array to string conversion in C:\xampp\htdocs\webbanhang\system\library\template\Twig\Environment.php(403) : eval()'d code on line 198
2019-09-29 11:20:42 - PHP Notice:  Array to string conversion in C:\xampp\htdocs\webbanhang\system\library\template\Twig\Environment.php(403) : eval()'d code on line 198
2019-09-29 11:20:42 - PHP Notice:  Array to string conversion in C:\xampp\htdocs\webbanhang\system\library\template\Twig\Environment.php(403) : eval()'d code on line 198
2019-09-29 11:20:42 - PHP Notice:  Array to string conversion in C:\xampp\htdocs\webbanhang\system\library\template\Twig\Environment.php(403) : eval()'d code on line 198
2019-09-29 11:20:42 - PHP Notice:  Array to string conversion in C:\xampp\htdocs\webbanhang\system\library\template\Twig\Environment.php(403) : eval()'d code on line 198
2019-09-29 11:20:42 - PHP Notice:  Array to string conversion in C:\xampp\htdocs\webbanhang\system\library\template\Twig\Environment.php(403) : eval()'d code on line 198
2019-09-29 11:20:42 - PHP Notice:  Array to string conversion in C:\xampp\htdocs\webbanhang\system\library\template\Twig\Environment.php(403) : eval()'d code on line 198
2019-09-29 11:20:42 - PHP Notice:  Array to string conversion in C:\xampp\htdocs\webbanhang\system\library\template\Twig\Environment.php(403) : eval()'d code on line 198
2019-09-29 11:21:50 - PHP Notice:  Array to string conversion in C:\xampp\htdocs\webbanhang\system\library\template\Twig\Environment.php(403) : eval()'d code on line 198
2019-09-29 11:21:50 - PHP Notice:  Array to string conversion in C:\xampp\htdocs\webbanhang\system\library\template\Twig\Environment.php(403) : eval()'d code on line 198
2019-09-29 11:21:50 - PHP Notice:  Array to string conversion in C:\xampp\htdocs\webbanhang\system\library\template\Twig\Environment.php(403) : eval()'d code on line 198
2019-09-29 11:21:50 - PHP Notice:  Array to string conversion in C:\xampp\htdocs\webbanhang\system\library\template\Twig\Environment.php(403) : eval()'d code on line 198
2019-09-29 11:21:50 - PHP Notice:  Array to string conversion in C:\xampp\htdocs\webbanhang\system\library\template\Twig\Environment.php(403) : eval()'d code on line 198
2019-09-29 11:21:50 - PHP Notice:  Array to string conversion in C:\xampp\htdocs\webbanhang\system\library\template\Twig\Environment.php(403) : eval()'d code on line 198
2019-09-29 11:21:50 - PHP Notice:  Array to string conversion in C:\xampp\htdocs\webbanhang\system\library\template\Twig\Environment.php(403) : eval()'d code on line 198
2019-09-29 11:21:50 - PHP Notice:  Array to string conversion in C:\xampp\htdocs\webbanhang\system\library\template\Twig\Environment.php(403) : eval()'d code on line 198
2019-09-29 11:21:50 - PHP Notice:  Array to string conversion in C:\xampp\htdocs\webbanhang\system\library\template\Twig\Environment.php(403) : eval()'d code on line 198
2019-09-29 11:21:50 - PHP Notice:  Array to string conversion in C:\xampp\htdocs\webbanhang\system\library\template\Twig\Environment.php(403) : eval()'d code on line 198
2019-09-29 11:21:50 - PHP Notice:  Array to string conversion in C:\xampp\htdocs\webbanhang\system\library\template\Twig\Environment.php(403) : eval()'d code on line 198
2019-09-29 11:21:50 - PHP Notice:  Array to string conversion in C:\xampp\htdocs\webbanhang\system\library\template\Twig\Environment.php(403) : eval()'d code on line 198
2019-10-01 14:34:30 - PHP Notice:  Undefined variable: total in /Applications/XAMPP/xamppfiles/htdocs/fnbnowvn/catalog/controller/common/cart.php on line 6
2019-10-05 8:00:40 - PHP Notice:  Undefined index: name in /Applications/XAMPP/xamppfiles/htdocs/fnbnowvn/catalog/controller/extension/module/categoryblogs.php on line 63
2019-10-05 8:01:32 - PHP Notice:  Undefined index: name in /Applications/XAMPP/xamppfiles/htdocs/fnbnowvn/catalog/controller/extension/module/categoryblogs.php on line 63
2019-10-05 8:01:54 - PHP Notice:  Undefined index: name in /Applications/XAMPP/xamppfiles/htdocs/fnbnowvn/catalog/controller/extension/module/categoryblogs.php on line 63
2019-10-05 8:05:10 - PHP Notice:  Undefined index: name in /Applications/XAMPP/xamppfiles/htdocs/fnbnowvn/catalog/controller/extension/module/categoryblogs.php on line 64
2019-10-05 8:05:10 - PHP Notice:  Undefined index: name in /Applications/XAMPP/xamppfiles/htdocs/fnbnowvn/catalog/controller/extension/module/categoryblogs.php on line 64
2019-10-05 8:05:10 - PHP Notice:  Undefined index: name in /Applications/XAMPP/xamppfiles/htdocs/fnbnowvn/catalog/controller/extension/module/categoryblogs.php on line 64
2019-10-05 8:05:10 - PHP Notice:  Undefined index: name in /Applications/XAMPP/xamppfiles/htdocs/fnbnowvn/catalog/controller/extension/module/categoryblogs.php on line 64
2019-10-05 8:05:10 - PHP Notice:  Undefined index: name in /Applications/XAMPP/xamppfiles/htdocs/fnbnowvn/catalog/controller/extension/module/categoryblogs.php on line 64
2019-10-05 8:05:10 - PHP Notice:  Undefined index: name in /Applications/XAMPP/xamppfiles/htdocs/fnbnowvn/catalog/controller/extension/module/categoryblogs.php on line 64
2019-10-05 8:05:34 - PHP Notice:  Undefined index: name in /Applications/XAMPP/xamppfiles/htdocs/fnbnowvn/catalog/controller/extension/module/categoryblogs.php on line 64
2019-10-05 8:05:34 - PHP Notice:  Undefined index: name in /Applications/XAMPP/xamppfiles/htdocs/fnbnowvn/catalog/controller/extension/module/categoryblogs.php on line 64
2019-10-05 8:05:34 - PHP Notice:  Undefined index: name in /Applications/XAMPP/xamppfiles/htdocs/fnbnowvn/catalog/controller/extension/module/categoryblogs.php on line 64
2019-10-05 8:05:34 - PHP Notice:  Undefined index: name in /Applications/XAMPP/xamppfiles/htdocs/fnbnowvn/catalog/controller/extension/module/categoryblogs.php on line 64
2019-10-05 8:05:34 - PHP Notice:  Undefined index: name in /Applications/XAMPP/xamppfiles/htdocs/fnbnowvn/catalog/controller/extension/module/categoryblogs.php on line 64
2019-10-05 8:05:34 - PHP Notice:  Undefined index: name in /Applications/XAMPP/xamppfiles/htdocs/fnbnowvn/catalog/controller/extension/module/categoryblogs.php on line 64
2019-10-05 8:32:43 - PHP Notice:  Array to string conversion in /Applications/XAMPP/xamppfiles/htdocs/fnbnowvn/catalog/controller/extension/module/categoryblogs.php on line 11
2019-10-05 9:15:52 - PHP Notice:  Undefined index: start in /Applications/XAMPP/xamppfiles/htdocs/fnbnowvn/catalog/model/extension/d_blog_module/post.php on line 68
2019-10-05 9:15:52 - PHP Notice:  Undefined index: start in /Applications/XAMPP/xamppfiles/htdocs/fnbnowvn/catalog/model/extension/d_blog_module/post.php on line 76
2019-10-05 15:18:37 - PHP Warning:  Illegal string offset 'products' in /Applications/XAMPP/xamppfiles/htdocs/fnbnowvn/catalog/controller/checkout/cart.php on line 345
2019-10-05 15:18:37 - PHP Notice:  Array to string conversion in /Applications/XAMPP/xamppfiles/htdocs/fnbnowvn/catalog/controller/checkout/cart.php on line 345
2019-10-05 15:46:30 - PHP Notice:  Undefined variable: products in /Applications/XAMPP/xamppfiles/htdocs/fnbnowvn/catalog/controller/checkout/cart.php on line 420
2019-10-05 15:46:30 - PHP Warning:  Invalid argument supplied for foreach() in /Applications/XAMPP/xamppfiles/htdocs/fnbnowvn/catalog/controller/checkout/cart.php on line 420
2019-10-05 15:46:30 - PHP Notice:  A non well formed numeric value encountered in /Applications/XAMPP/xamppfiles/htdocs/fnbnowvn/catalog/model/extension/total/sub_total.php on line 21
2019-10-05 15:47:22 - PHP Notice:  A non well formed numeric value encountered in /Applications/XAMPP/xamppfiles/htdocs/fnbnowvn/catalog/model/extension/total/sub_total.php on line 21
2019-10-05 15:50:13 - PHP Notice:  A non well formed numeric value encountered in /Applications/XAMPP/xamppfiles/htdocs/fnbnowvn/catalog/model/extension/total/sub_total.php on line 21
2019-10-05 15:56:58 - PHP Notice:  A non well formed numeric value encountered in /Applications/XAMPP/xamppfiles/htdocs/fnbnowvn/catalog/model/extension/total/sub_total.php on line 21
2019-10-08 14:18:24 - PHP Notice:  Undefined index: route in /Applications/XAMPP/xamppfiles/htdocs/fnbnowvn/catalog/controller/common/menu.php on line 43
2019-10-09 15:30:45 - PHP Warning:  fopen(C:/xampp/htdocs/webbanhang/system/storage/cache/cache.store.1570638642): failed to open stream: No such file or directory in C:\xampp\htdocs\webbanhang\system\library\cache\file.php on line 28
2019-10-09 15:30:45 - PHP Warning:  flock() expects parameter 1 to be resource, bool given in C:\xampp\htdocs\webbanhang\system\library\cache\file.php on line 30
2019-10-09 15:30:45 - PHP Warning:  filesize(): stat failed for C:/xampp/htdocs/webbanhang/system/storage/cache/cache.store.1570638642 in C:\xampp\htdocs\webbanhang\system\library\cache\file.php on line 32
2019-10-09 15:30:45 - PHP Warning:  fread() expects parameter 1 to be resource, bool given in C:\xampp\htdocs\webbanhang\system\library\cache\file.php on line 32
2019-10-09 15:30:45 - PHP Warning:  flock() expects parameter 1 to be resource, bool given in C:\xampp\htdocs\webbanhang\system\library\cache\file.php on line 34
2019-10-09 15:30:45 - PHP Warning:  fclose() expects parameter 1 to be resource, bool given in C:\xampp\htdocs\webbanhang\system\library\cache\file.php on line 36
2019-11-16 11:33:05 - PHP Notice:  Undefined index: code in C:\xampp\htdocs\webbanhang\admin\model\design\layout.php on line 38
2019-11-16 12:22:19 - PHP Notice:  Undefined index: link in C:\xampp\htdocs\webbanhang\admin\controller\extension\module\product_custom.php on line 97
2019-12-02 11:15:08 - PHP Warning:  mysqli::__construct(): (HY000/2002): No connection could be made because the target machine actively refused it.
 in C:\xampp\htdocs\webbanhang\system\library\db\mysqli.php on line 7
2019-12-02 11:15:08 - PHP Warning:  DB\MySQLi::__construct(): Couldn't fetch mysqli in C:\xampp\htdocs\webbanhang\system\library\db\mysqli.php on line 10
2019-12-02 11:15:08 - PHP Warning:  DB\MySQLi::__construct(): Couldn't fetch mysqli in C:\xampp\htdocs\webbanhang\system\library\db\mysqli.php on line 10
2020-02-07 15:53:19 - PHP Warning:  mail(): Failed to connect to mailserver at &quot;localhost&quot; port 25, verify your &quot;SMTP&quot; and &quot;smtp_port&quot; setting in php.ini or use ini_set() in C:\xampp\htdocs\webphi\system\library\mail\mail.php on line 77
