2019-08-12 16:26:47 - PHP Notice:  Undefined index: banner_id in C:\xampp\htdocs\webphi\catalog\controller\extension\module\slideshow.php on line 15
2019-08-12 16:37:54 - PHP Notice:  Undefined variable: setting in C:\xampp\htdocs\webphi\catalog\controller\common\home.php on line 56
2019-08-12 16:41:56 - PHP Notice:  Undefined variable: setting in C:\xampp\htdocs\webphi\catalog\controller\common\home.php on line 63
2019-08-12 16:41:56 - PHP Notice:  Undefined variable: setting in C:\xampp\htdocs\webphi\catalog\controller\common\home.php on line 63
2019-08-12 16:41:56 - PHP Warning:  imagecreatetruecolor(): Invalid image dimensions in C:\xampp\htdocs\webphi\system\library\image.php on line 169
2019-08-12 16:41:56 - PHP Warning:  imagecolorallocate() expects parameter 1 to be resource, bool given in C:\xampp\htdocs\webphi\system\library\image.php on line 177
2019-08-12 16:41:56 - PHP Warning:  imagefilledrectangle() expects parameter 1 to be resource, bool given in C:\xampp\htdocs\webphi\system\library\image.php on line 180
2019-08-12 16:41:56 - PHP Warning:  imagecopyresampled() expects parameter 1 to be resource, bool given in C:\xampp\htdocs\webphi\system\library\image.php on line 182
2019-08-12 16:41:56 - PHP Notice:  Undefined variable: setting in C:\xampp\htdocs\webphi\catalog\controller\common\home.php on line 63
2019-08-12 16:41:56 - PHP Notice:  Undefined variable: setting in C:\xampp\htdocs\webphi\catalog\controller\common\home.php on line 63
2019-08-12 16:41:56 - PHP Warning:  imagecreatetruecolor(): Invalid image dimensions in C:\xampp\htdocs\webphi\system\library\image.php on line 169
2019-08-12 16:41:56 - PHP Warning:  imagecolorallocate() expects parameter 1 to be resource, bool given in C:\xampp\htdocs\webphi\system\library\image.php on line 177
2019-08-12 16:41:56 - PHP Warning:  imagefilledrectangle() expects parameter 1 to be resource, bool given in C:\xampp\htdocs\webphi\system\library\image.php on line 180
2019-08-12 16:41:56 - PHP Warning:  imagecopyresampled() expects parameter 1 to be resource, bool given in C:\xampp\htdocs\webphi\system\library\image.php on line 182
2019-08-17 15:56:13 - PHP Notice:  Undefined index: path in C:\xampp\htdocs\webphi\catalog\controller\common\home.php on line 83
2019-08-17 15:56:13 - PHP Notice:  Undefined variable: category_id in C:\xampp\htdocs\webphi\catalog\controller\common\home.php on line 115
2019-08-17 15:56:13 - PHP Notice:  Undefined index: path in C:\xampp\htdocs\webphi\catalog\controller\common\home.php on line 125
2019-08-17 15:56:13 - PHP Notice:  Undefined index: path in C:\xampp\htdocs\webphi\catalog\controller\common\home.php on line 125
2019-08-17 15:56:13 - PHP Notice:  Undefined index: path in C:\xampp\htdocs\webphi\catalog\controller\common\home.php on line 125
2019-08-17 15:56:13 - PHP Notice:  Undefined index: path in C:\xampp\htdocs\webphi\catalog\controller\common\home.php on line 125
2019-08-17 15:56:13 - PHP Notice:  Undefined index: path in C:\xampp\htdocs\webphi\catalog\controller\common\home.php on line 125
2019-08-17 15:56:13 - PHP Notice:  Undefined index: path in C:\xampp\htdocs\webphi\catalog\controller\common\home.php on line 125
2019-08-17 15:56:13 - PHP Notice:  Undefined index: path in C:\xampp\htdocs\webphi\catalog\controller\common\home.php on line 125
2019-08-17 15:56:13 - PHP Notice:  Undefined index: path in C:\xampp\htdocs\webphi\catalog\controller\common\home.php on line 125
2019-08-17 15:56:13 - PHP Notice:  Undefined variable: category_id in C:\xampp\htdocs\webphi\catalog\controller\common\home.php on line 132
2019-08-17 15:56:13 - PHP Notice:  Undefined variable: filter in C:\xampp\htdocs\webphi\catalog\controller\common\home.php on line 133
2019-08-17 15:56:13 - PHP Notice:  Undefined variable: sort in C:\xampp\htdocs\webphi\catalog\controller\common\home.php on line 134
2019-08-17 15:56:13 - PHP Notice:  Undefined variable: order in C:\xampp\htdocs\webphi\catalog\controller\common\home.php on line 135
2019-08-17 15:56:13 - PHP Notice:  Undefined variable: page in C:\xampp\htdocs\webphi\catalog\controller\common\home.php on line 136
2019-08-17 15:56:13 - PHP Notice:  Undefined variable: limit in C:\xampp\htdocs\webphi\catalog\controller\common\home.php on line 136
2019-08-17 15:56:13 - PHP Notice:  Undefined variable: limit in C:\xampp\htdocs\webphi\catalog\controller\common\home.php on line 137
2019-08-17 15:56:13 - PHP Notice:  Undefined index: path in C:\xampp\htdocs\webphi\catalog\controller\common\home.php on line 185
2019-08-17 15:56:13 - PHP Notice:  Undefined index: path in C:\xampp\htdocs\webphi\catalog\controller\common\home.php on line 185
2019-08-17 15:56:13 - PHP Notice:  Undefined index: path in C:\xampp\htdocs\webphi\catalog\controller\common\home.php on line 185
2019-08-17 15:56:13 - PHP Notice:  Undefined index: path in C:\xampp\htdocs\webphi\catalog\controller\common\home.php on line 185
2019-08-17 15:56:13 - PHP Notice:  Undefined index: path in C:\xampp\htdocs\webphi\catalog\controller\common\home.php on line 185
2019-08-17 15:56:13 - PHP Notice:  Undefined index: path in C:\xampp\htdocs\webphi\catalog\controller\common\home.php on line 185
2019-08-17 15:56:13 - PHP Notice:  Undefined index: path in C:\xampp\htdocs\webphi\catalog\controller\common\home.php on line 185
2019-08-17 15:56:13 - PHP Notice:  Undefined index: path in C:\xampp\htdocs\webphi\catalog\controller\common\home.php on line 185
2019-08-17 15:56:13 - PHP Notice:  Undefined index: path in C:\xampp\htdocs\webphi\catalog\controller\common\home.php on line 185
2019-08-17 15:56:13 - PHP Notice:  Undefined index: path in C:\xampp\htdocs\webphi\catalog\controller\common\home.php on line 185
2019-08-17 15:56:13 - PHP Notice:  Undefined index: path in C:\xampp\htdocs\webphi\catalog\controller\common\home.php on line 185
2019-08-17 15:56:13 - PHP Notice:  Undefined index: path in C:\xampp\htdocs\webphi\catalog\controller\common\home.php on line 185
2019-08-17 15:56:13 - PHP Notice:  Undefined index: path in C:\xampp\htdocs\webphi\catalog\controller\common\home.php on line 185
2019-08-17 15:56:13 - PHP Notice:  Undefined index: path in C:\xampp\htdocs\webphi\catalog\controller\common\home.php on line 185
2019-08-17 15:56:13 - PHP Notice:  Undefined index: path in C:\xampp\htdocs\webphi\catalog\controller\common\home.php on line 185
2019-08-17 15:56:13 - PHP Notice:  Undefined index: path in C:\xampp\htdocs\webphi\catalog\controller\common\home.php on line 185
2019-08-17 15:56:13 - PHP Notice:  Undefined index: path in C:\xampp\htdocs\webphi\catalog\controller\common\home.php on line 185
2019-08-17 15:56:13 - PHP Notice:  Undefined index: path in C:\xampp\htdocs\webphi\catalog\controller\common\home.php on line 185
2019-08-17 15:56:13 - PHP Notice:  Undefined index: path in C:\xampp\htdocs\webphi\catalog\controller\common\home.php on line 185
2019-08-17 15:56:13 - PHP Notice:  Undefined index: path in C:\xampp\htdocs\webphi\catalog\controller\common\home.php on line 204
2019-08-17 15:56:13 - PHP Notice:  Undefined index: path in C:\xampp\htdocs\webphi\catalog\controller\common\home.php on line 210
2019-08-17 15:56:13 - PHP Notice:  Undefined index: path in C:\xampp\htdocs\webphi\catalog\controller\common\home.php on line 216
2019-08-17 15:56:13 - PHP Notice:  Undefined index: path in C:\xampp\htdocs\webphi\catalog\controller\common\home.php on line 222
2019-08-17 15:56:13 - PHP Notice:  Undefined index: path in C:\xampp\htdocs\webphi\catalog\controller\common\home.php on line 228
2019-08-17 15:56:13 - PHP Notice:  Undefined index: path in C:\xampp\htdocs\webphi\catalog\controller\common\home.php on line 235
2019-08-17 15:56:13 - PHP Notice:  Undefined index: path in C:\xampp\htdocs\webphi\catalog\controller\common\home.php on line 241
2019-08-17 15:56:13 - PHP Notice:  Undefined index: path in C:\xampp\htdocs\webphi\catalog\controller\common\home.php on line 248
2019-08-17 15:56:13 - PHP Notice:  Undefined index: path in C:\xampp\htdocs\webphi\catalog\controller\common\home.php on line 254
2019-08-17 15:56:13 - PHP Notice:  Undefined index: path in C:\xampp\htdocs\webphi\catalog\controller\common\home.php on line 281
2019-08-17 15:56:13 - PHP Notice:  Undefined index: path in C:\xampp\htdocs\webphi\catalog\controller\common\home.php on line 281
2019-08-17 15:56:13 - PHP Notice:  Undefined index: path in C:\xampp\htdocs\webphi\catalog\controller\common\home.php on line 281
2019-08-17 15:56:13 - PHP Notice:  Undefined index: path in C:\xampp\htdocs\webphi\catalog\controller\common\home.php on line 281
2019-08-17 15:56:13 - PHP Notice:  Undefined index: path in C:\xampp\htdocs\webphi\catalog\controller\common\home.php on line 281
2019-08-17 15:56:13 - PHP Notice:  Undefined variable: page in C:\xampp\htdocs\webphi\catalog\controller\common\home.php on line 305
2019-08-17 15:56:13 - PHP Notice:  Undefined variable: limit in C:\xampp\htdocs\webphi\catalog\controller\common\home.php on line 306
2019-08-17 15:56:13 - PHP Notice:  Undefined index: path in C:\xampp\htdocs\webphi\catalog\controller\common\home.php on line 307
2019-08-17 15:56:13 - PHP Notice:  Undefined variable: page in C:\xampp\htdocs\webphi\catalog\controller\common\home.php on line 311
2019-08-17 15:56:13 - PHP Notice:  Undefined variable: limit in C:\xampp\htdocs\webphi\catalog\controller\common\home.php on line 311
2019-08-17 15:56:13 - PHP Notice:  Undefined variable: page in C:\xampp\htdocs\webphi\catalog\controller\common\home.php on line 311
2019-08-17 15:56:13 - PHP Notice:  Undefined variable: limit in C:\xampp\htdocs\webphi\catalog\controller\common\home.php on line 311
2019-08-17 15:56:13 - PHP Notice:  Undefined variable: limit in C:\xampp\htdocs\webphi\catalog\controller\common\home.php on line 311
2019-08-17 15:56:13 - PHP Notice:  Undefined variable: page in C:\xampp\htdocs\webphi\catalog\controller\common\home.php on line 311
2019-08-17 15:56:13 - PHP Notice:  Undefined variable: limit in C:\xampp\htdocs\webphi\catalog\controller\common\home.php on line 311
2019-08-17 15:56:13 - PHP Notice:  Undefined variable: limit in C:\xampp\htdocs\webphi\catalog\controller\common\home.php on line 311
2019-08-17 15:56:13 - PHP Notice:  Undefined variable: limit in C:\xampp\htdocs\webphi\catalog\controller\common\home.php on line 311
2019-08-17 15:56:13 - PHP Warning:  Division by zero in C:\xampp\htdocs\webphi\catalog\controller\common\home.php on line 311
2019-08-17 15:56:13 - PHP Notice:  Undefined variable: page in C:\xampp\htdocs\webphi\catalog\controller\common\home.php on line 314
2019-08-17 15:56:13 - PHP Notice:  Undefined variable: page in C:\xampp\htdocs\webphi\catalog\controller\common\home.php on line 317
2019-08-17 15:56:13 - PHP Notice:  Undefined variable: page in C:\xampp\htdocs\webphi\catalog\controller\common\home.php on line 320
2019-08-17 15:56:13 - PHP Notice:  Undefined variable: limit in C:\xampp\htdocs\webphi\catalog\controller\common\home.php on line 324
2019-08-17 15:56:13 - PHP Notice:  Undefined variable: sort in C:\xampp\htdocs\webphi\catalog\controller\common\home.php on line 328
2019-08-17 15:56:13 - PHP Notice:  Undefined variable: order in C:\xampp\htdocs\webphi\catalog\controller\common\home.php on line 329
2019-08-17 15:56:13 - PHP Notice:  Undefined variable: limit in C:\xampp\htdocs\webphi\catalog\controller\common\home.php on line 330
2019-08-17 16:02:33 - PHP Notice:  Undefined variable: category_id in C:\xampp\htdocs\webphi\catalog\controller\common\home.php on line 172
2019-08-17 16:02:33 - PHP Notice:  Undefined variable: url in C:\xampp\htdocs\webphi\catalog\controller\common\home.php on line 225
2019-08-17 16:02:33 - PHP Notice:  Undefined variable: url in C:\xampp\htdocs\webphi\catalog\controller\common\home.php on line 225
2019-08-17 16:02:33 - PHP Notice:  Undefined variable: url in C:\xampp\htdocs\webphi\catalog\controller\common\home.php on line 225
2019-08-17 16:02:33 - PHP Notice:  Undefined variable: url in C:\xampp\htdocs\webphi\catalog\controller\common\home.php on line 225
2019-08-17 16:02:33 - PHP Notice:  Undefined variable: url in C:\xampp\htdocs\webphi\catalog\controller\common\home.php on line 225
2019-08-17 16:02:33 - PHP Notice:  Undefined variable: url in C:\xampp\htdocs\webphi\catalog\controller\common\home.php on line 225
2019-08-17 16:02:33 - PHP Notice:  Undefined variable: url in C:\xampp\htdocs\webphi\catalog\controller\common\home.php on line 225
2019-08-17 16:02:33 - PHP Notice:  Undefined variable: url in C:\xampp\htdocs\webphi\catalog\controller\common\home.php on line 225
2019-08-17 16:02:33 - PHP Notice:  Undefined variable: url in C:\xampp\htdocs\webphi\catalog\controller\common\home.php on line 225
2019-08-17 16:02:33 - PHP Notice:  Undefined variable: url in C:\xampp\htdocs\webphi\catalog\controller\common\home.php on line 225
2019-08-17 16:02:33 - PHP Notice:  Undefined variable: url in C:\xampp\htdocs\webphi\catalog\controller\common\home.php on line 225
2019-08-17 16:02:33 - PHP Notice:  Undefined variable: url in C:\xampp\htdocs\webphi\catalog\controller\common\home.php on line 225
2019-08-17 16:02:33 - PHP Notice:  Undefined variable: url in C:\xampp\htdocs\webphi\catalog\controller\common\home.php on line 225
2019-08-17 16:02:33 - PHP Notice:  Undefined variable: url in C:\xampp\htdocs\webphi\catalog\controller\common\home.php on line 225
2019-08-17 16:02:33 - PHP Notice:  Undefined variable: url in C:\xampp\htdocs\webphi\catalog\controller\common\home.php on line 225
2019-08-17 16:04:14 - PHP Notice:  Undefined variable: url in C:\xampp\htdocs\webphi\catalog\controller\common\home.php on line 225
2019-08-17 16:04:14 - PHP Notice:  Undefined variable: url in C:\xampp\htdocs\webphi\catalog\controller\common\home.php on line 225
2019-08-17 16:04:14 - PHP Notice:  Undefined variable: url in C:\xampp\htdocs\webphi\catalog\controller\common\home.php on line 225
2019-08-17 16:04:14 - PHP Notice:  Undefined variable: url in C:\xampp\htdocs\webphi\catalog\controller\common\home.php on line 225
2019-08-17 16:04:14 - PHP Notice:  Undefined variable: url in C:\xampp\htdocs\webphi\catalog\controller\common\home.php on line 225
2019-08-17 16:04:14 - PHP Notice:  Undefined variable: url in C:\xampp\htdocs\webphi\catalog\controller\common\home.php on line 225
2019-08-17 16:04:14 - PHP Notice:  Undefined variable: url in C:\xampp\htdocs\webphi\catalog\controller\common\home.php on line 225
2019-08-17 16:04:14 - PHP Notice:  Undefined variable: url in C:\xampp\htdocs\webphi\catalog\controller\common\home.php on line 225
2019-08-17 16:04:14 - PHP Notice:  Undefined variable: url in C:\xampp\htdocs\webphi\catalog\controller\common\home.php on line 225
2019-08-17 16:04:14 - PHP Notice:  Undefined variable: url in C:\xampp\htdocs\webphi\catalog\controller\common\home.php on line 225
2019-08-17 16:04:14 - PHP Notice:  Undefined variable: url in C:\xampp\htdocs\webphi\catalog\controller\common\home.php on line 225
2019-08-17 16:04:14 - PHP Notice:  Undefined variable: url in C:\xampp\htdocs\webphi\catalog\controller\common\home.php on line 225
2019-08-17 16:04:14 - PHP Notice:  Undefined variable: url in C:\xampp\htdocs\webphi\catalog\controller\common\home.php on line 225
2019-08-17 16:04:14 - PHP Notice:  Undefined variable: url in C:\xampp\htdocs\webphi\catalog\controller\common\home.php on line 225
2019-08-17 16:04:14 - PHP Notice:  Undefined variable: url in C:\xampp\htdocs\webphi\catalog\controller\common\home.php on line 225
2019-08-17 17:43:15 - PHP Notice:  Undefined offset: 2 in C:\xampp\htdocs\webphi\catalog\controller\extension\d_blog_module\post.php on line 545
2019-08-17 17:43:15 - PHP Notice:  Undefined offset: 2 in C:\xampp\htdocs\webphi\catalog\controller\extension\d_blog_module\post.php on line 545
2019-08-17 17:43:16 - PHP Notice:  Undefined offset: 2 in C:\xampp\htdocs\webphi\catalog\controller\extension\d_blog_module\post.php on line 545
2019-08-17 17:43:16 - PHP Notice:  Undefined offset: 2 in C:\xampp\htdocs\webphi\catalog\controller\extension\d_blog_module\post.php on line 545
2019-08-17 17:43:16 - PHP Notice:  Undefined offset: 2 in C:\xampp\htdocs\webphi\catalog\controller\extension\d_blog_module\post.php on line 545
2019-08-17 17:43:16 - PHP Notice:  Undefined offset: 2 in C:\xampp\htdocs\webphi\catalog\controller\extension\d_blog_module\post.php on line 545
2019-08-17 17:43:16 - PHP Notice:  Undefined offset: 2 in C:\xampp\htdocs\webphi\catalog\controller\extension\d_blog_module\post.php on line 545
2019-08-17 17:43:16 - PHP Notice:  Undefined offset: 2 in C:\xampp\htdocs\webphi\catalog\controller\extension\d_blog_module\post.php on line 545
2019-08-17 17:43:16 - PHP Notice:  Undefined offset: 2 in C:\xampp\htdocs\webphi\catalog\controller\extension\d_blog_module\post.php on line 545
2019-08-17 17:43:16 - PHP Notice:  Undefined offset: 2 in C:\xampp\htdocs\webphi\catalog\controller\extension\d_blog_module\post.php on line 545
2019-08-17 17:43:16 - PHP Notice:  Undefined offset: 2 in C:\xampp\htdocs\webphi\catalog\controller\extension\d_blog_module\post.php on line 545
2019-08-17 17:43:16 - PHP Notice:  Undefined offset: 2 in C:\xampp\htdocs\webphi\catalog\controller\extension\d_blog_module\post.php on line 545
2019-08-17 17:43:16 - PHP Notice:  Undefined offset: 2 in C:\xampp\htdocs\webphi\catalog\controller\extension\d_blog_module\post.php on line 545
2019-08-17 17:43:16 - PHP Notice:  Undefined offset: 2 in C:\xampp\htdocs\webphi\catalog\controller\extension\d_blog_module\post.php on line 545
2019-08-17 17:43:32 - PHP Notice:  Undefined offset: 2 in C:\xampp\htdocs\webphi\catalog\controller\extension\d_blog_module\post.php on line 545
2019-08-17 17:43:32 - PHP Notice:  Undefined offset: 2 in C:\xampp\htdocs\webphi\catalog\controller\extension\d_blog_module\post.php on line 545
2019-08-17 17:43:32 - PHP Notice:  Undefined offset: 2 in C:\xampp\htdocs\webphi\catalog\controller\extension\d_blog_module\post.php on line 545
2019-08-17 17:43:32 - PHP Notice:  Undefined offset: 2 in C:\xampp\htdocs\webphi\catalog\controller\extension\d_blog_module\post.php on line 545
2019-08-17 17:43:32 - PHP Notice:  Undefined offset: 2 in C:\xampp\htdocs\webphi\catalog\controller\extension\d_blog_module\post.php on line 545
2019-08-17 17:43:32 - PHP Notice:  Undefined offset: 2 in C:\xampp\htdocs\webphi\catalog\controller\extension\d_blog_module\post.php on line 545
2019-08-17 17:43:36 - PHP Notice:  Undefined offset: 2 in C:\xampp\htdocs\webphi\catalog\controller\extension\d_blog_module\post.php on line 545
2019-08-17 17:43:36 - PHP Notice:  Undefined offset: 2 in C:\xampp\htdocs\webphi\catalog\controller\extension\d_blog_module\post.php on line 545
2019-08-17 17:43:36 - PHP Notice:  Undefined offset: 2 in C:\xampp\htdocs\webphi\catalog\controller\extension\d_blog_module\post.php on line 545
2019-08-17 17:43:36 - PHP Notice:  Undefined offset: 2 in C:\xampp\htdocs\webphi\catalog\controller\extension\d_blog_module\post.php on line 545
2019-08-17 17:43:36 - PHP Notice:  Undefined offset: 2 in C:\xampp\htdocs\webphi\catalog\controller\extension\d_blog_module\post.php on line 545
2019-08-17 17:43:36 - PHP Notice:  Undefined offset: 2 in C:\xampp\htdocs\webphi\catalog\controller\extension\d_blog_module\post.php on line 545
2019-08-17 17:43:36 - PHP Notice:  Undefined offset: 2 in C:\xampp\htdocs\webphi\catalog\controller\extension\d_blog_module\post.php on line 545
2019-08-17 17:43:36 - PHP Notice:  Undefined offset: 2 in C:\xampp\htdocs\webphi\catalog\controller\extension\d_blog_module\post.php on line 545
2019-08-17 17:43:36 - PHP Notice:  Undefined offset: 2 in C:\xampp\htdocs\webphi\catalog\controller\extension\d_blog_module\post.php on line 545
2019-08-17 17:43:36 - PHP Notice:  Undefined offset: 2 in C:\xampp\htdocs\webphi\catalog\controller\extension\d_blog_module\post.php on line 545
2019-08-17 17:43:36 - PHP Notice:  Undefined offset: 2 in C:\xampp\htdocs\webphi\catalog\controller\extension\d_blog_module\post.php on line 545
2019-08-17 17:43:36 - PHP Notice:  Undefined offset: 2 in C:\xampp\htdocs\webphi\catalog\controller\extension\d_blog_module\post.php on line 545
2019-08-17 17:43:36 - PHP Notice:  Undefined offset: 2 in C:\xampp\htdocs\webphi\catalog\controller\extension\d_blog_module\post.php on line 545
2019-08-17 17:43:36 - PHP Notice:  Undefined offset: 2 in C:\xampp\htdocs\webphi\catalog\controller\extension\d_blog_module\post.php on line 545
2019-08-17 17:44:05 - PHP Notice:  Undefined offset: 2 in C:\xampp\htdocs\webphi\catalog\controller\extension\d_blog_module\post.php on line 188
2019-08-17 17:44:05 - PHP Notice:  Undefined offset: 2 in C:\xampp\htdocs\webphi\catalog\controller\extension\d_blog_module\post.php on line 188
2019-08-17 17:44:05 - PHP Notice:  Undefined offset: 2 in C:\xampp\htdocs\webphi\catalog\controller\extension\d_blog_module\post.php on line 190
2019-08-17 17:47:35 - PHP Notice:  Undefined offset: 2 in C:\xampp\htdocs\webphi\catalog\controller\extension\d_blog_module\post.php on line 540
2019-08-17 17:47:35 - PHP Notice:  Undefined offset: 2 in C:\xampp\htdocs\webphi\catalog\controller\extension\d_blog_module\post.php on line 545
2019-08-17 17:47:35 - PHP Notice:  Undefined offset: 2 in C:\xampp\htdocs\webphi\catalog\controller\extension\d_blog_module\post.php on line 545
2019-08-17 17:47:35 - PHP Notice:  Undefined offset: 2 in C:\xampp\htdocs\webphi\catalog\controller\extension\d_blog_module\post.php on line 540
2019-08-17 17:47:35 - PHP Notice:  Undefined offset: 2 in C:\xampp\htdocs\webphi\catalog\controller\extension\d_blog_module\post.php on line 545
2019-08-17 17:47:35 - PHP Notice:  Undefined offset: 2 in C:\xampp\htdocs\webphi\catalog\controller\extension\d_blog_module\post.php on line 545
2019-08-17 17:47:35 - PHP Notice:  Undefined offset: 2 in C:\xampp\htdocs\webphi\catalog\controller\extension\d_blog_module\post.php on line 540
2019-08-17 17:47:35 - PHP Notice:  Undefined offset: 2 in C:\xampp\htdocs\webphi\catalog\controller\extension\d_blog_module\post.php on line 545
2019-08-17 17:47:35 - PHP Notice:  Undefined offset: 2 in C:\xampp\htdocs\webphi\catalog\controller\extension\d_blog_module\post.php on line 545
2019-08-17 17:47:35 - PHP Notice:  Undefined offset: 2 in C:\xampp\htdocs\webphi\catalog\controller\extension\d_blog_module\post.php on line 540
2019-08-17 17:47:35 - PHP Notice:  Undefined offset: 2 in C:\xampp\htdocs\webphi\catalog\controller\extension\d_blog_module\post.php on line 545
2019-08-17 17:47:35 - PHP Notice:  Undefined offset: 2 in C:\xampp\htdocs\webphi\catalog\controller\extension\d_blog_module\post.php on line 545
2019-08-17 17:47:35 - PHP Notice:  Undefined offset: 2 in C:\xampp\htdocs\webphi\catalog\controller\extension\d_blog_module\post.php on line 540
2019-08-17 17:47:35 - PHP Notice:  Undefined offset: 2 in C:\xampp\htdocs\webphi\catalog\controller\extension\d_blog_module\post.php on line 545
2019-08-17 17:47:35 - PHP Notice:  Undefined offset: 2 in C:\xampp\htdocs\webphi\catalog\controller\extension\d_blog_module\post.php on line 545
2019-08-17 17:47:35 - PHP Notice:  Undefined offset: 2 in C:\xampp\htdocs\webphi\catalog\controller\extension\d_blog_module\post.php on line 540
2019-08-17 17:47:35 - PHP Notice:  Undefined offset: 2 in C:\xampp\htdocs\webphi\catalog\controller\extension\d_blog_module\post.php on line 545
2019-08-17 17:47:35 - PHP Notice:  Undefined offset: 2 in C:\xampp\htdocs\webphi\catalog\controller\extension\d_blog_module\post.php on line 545
2019-08-17 17:47:35 - PHP Notice:  Undefined offset: 2 in C:\xampp\htdocs\webphi\catalog\controller\extension\d_blog_module\post.php on line 540
2019-08-17 17:47:35 - PHP Notice:  Undefined offset: 2 in C:\xampp\htdocs\webphi\catalog\controller\extension\d_blog_module\post.php on line 545
2019-08-17 17:47:35 - PHP Notice:  Undefined offset: 2 in C:\xampp\htdocs\webphi\catalog\controller\extension\d_blog_module\post.php on line 545
2019-08-17 17:47:37 - PHP Notice:  Undefined offset: 2 in C:\xampp\htdocs\webphi\catalog\controller\extension\d_blog_module\post.php on line 540
2019-08-17 17:47:37 - PHP Notice:  Undefined offset: 2 in C:\xampp\htdocs\webphi\catalog\controller\extension\d_blog_module\post.php on line 545
2019-08-17 17:47:37 - PHP Notice:  Undefined offset: 2 in C:\xampp\htdocs\webphi\catalog\controller\extension\d_blog_module\post.php on line 545
2019-08-17 17:47:37 - PHP Notice:  Undefined offset: 2 in C:\xampp\htdocs\webphi\catalog\controller\extension\d_blog_module\post.php on line 540
2019-08-17 17:47:37 - PHP Notice:  Undefined offset: 2 in C:\xampp\htdocs\webphi\catalog\controller\extension\d_blog_module\post.php on line 545
2019-08-17 17:47:37 - PHP Notice:  Undefined offset: 2 in C:\xampp\htdocs\webphi\catalog\controller\extension\d_blog_module\post.php on line 545
2019-08-17 17:47:37 - PHP Notice:  Undefined offset: 2 in C:\xampp\htdocs\webphi\catalog\controller\extension\d_blog_module\post.php on line 540
2019-08-17 17:47:37 - PHP Notice:  Undefined offset: 2 in C:\xampp\htdocs\webphi\catalog\controller\extension\d_blog_module\post.php on line 545
2019-08-17 17:47:37 - PHP Notice:  Undefined offset: 2 in C:\xampp\htdocs\webphi\catalog\controller\extension\d_blog_module\post.php on line 545
2019-08-17 17:47:37 - PHP Notice:  Undefined offset: 2 in C:\xampp\htdocs\webphi\catalog\controller\extension\d_blog_module\post.php on line 540
2019-08-17 17:47:37 - PHP Notice:  Undefined offset: 2 in C:\xampp\htdocs\webphi\catalog\controller\extension\d_blog_module\post.php on line 545
2019-08-17 17:47:37 - PHP Notice:  Undefined offset: 2 in C:\xampp\htdocs\webphi\catalog\controller\extension\d_blog_module\post.php on line 545
2019-08-17 17:47:37 - PHP Notice:  Undefined offset: 2 in C:\xampp\htdocs\webphi\catalog\controller\extension\d_blog_module\post.php on line 540
2019-08-17 17:47:37 - PHP Notice:  Undefined offset: 2 in C:\xampp\htdocs\webphi\catalog\controller\extension\d_blog_module\post.php on line 545
2019-08-17 17:47:37 - PHP Notice:  Undefined offset: 2 in C:\xampp\htdocs\webphi\catalog\controller\extension\d_blog_module\post.php on line 545
2019-08-17 17:47:37 - PHP Notice:  Undefined offset: 2 in C:\xampp\htdocs\webphi\catalog\controller\extension\d_blog_module\post.php on line 540
2019-08-17 17:47:37 - PHP Notice:  Undefined offset: 2 in C:\xampp\htdocs\webphi\catalog\controller\extension\d_blog_module\post.php on line 545
2019-08-17 17:47:37 - PHP Notice:  Undefined offset: 2 in C:\xampp\htdocs\webphi\catalog\controller\extension\d_blog_module\post.php on line 545
2019-08-17 17:47:37 - PHP Notice:  Undefined offset: 2 in C:\xampp\htdocs\webphi\catalog\controller\extension\d_blog_module\post.php on line 540
2019-08-17 17:47:37 - PHP Notice:  Undefined offset: 2 in C:\xampp\htdocs\webphi\catalog\controller\extension\d_blog_module\post.php on line 545
2019-08-17 17:47:37 - PHP Notice:  Undefined offset: 2 in C:\xampp\htdocs\webphi\catalog\controller\extension\d_blog_module\post.php on line 545
2019-08-17 17:48:23 - PHP Notice:  Undefined offset: 2 in C:\xampp\htdocs\webphi\catalog\controller\extension\d_blog_module\post.php on line 540
2019-08-17 17:48:23 - PHP Notice:  Undefined offset: 2 in C:\xampp\htdocs\webphi\catalog\controller\extension\d_blog_module\post.php on line 545
2019-08-17 17:48:23 - PHP Notice:  Undefined offset: 2 in C:\xampp\htdocs\webphi\catalog\controller\extension\d_blog_module\post.php on line 545
2019-08-17 17:48:23 - PHP Notice:  Undefined offset: 2 in C:\xampp\htdocs\webphi\catalog\controller\extension\d_blog_module\post.php on line 540
2019-08-17 17:48:23 - PHP Notice:  Undefined offset: 2 in C:\xampp\htdocs\webphi\catalog\controller\extension\d_blog_module\post.php on line 545
2019-08-17 17:48:23 - PHP Notice:  Undefined offset: 2 in C:\xampp\htdocs\webphi\catalog\controller\extension\d_blog_module\post.php on line 545
2019-08-17 17:48:23 - PHP Notice:  Undefined offset: 2 in C:\xampp\htdocs\webphi\catalog\controller\extension\d_blog_module\post.php on line 540
2019-08-17 17:48:23 - PHP Notice:  Undefined offset: 2 in C:\xampp\htdocs\webphi\catalog\controller\extension\d_blog_module\post.php on line 545
2019-08-17 17:48:23 - PHP Notice:  Undefined offset: 2 in C:\xampp\htdocs\webphi\catalog\controller\extension\d_blog_module\post.php on line 545
2019-08-17 17:48:23 - PHP Notice:  Undefined offset: 2 in C:\xampp\htdocs\webphi\catalog\controller\extension\d_blog_module\post.php on line 540
2019-08-17 17:48:23 - PHP Notice:  Undefined offset: 2 in C:\xampp\htdocs\webphi\catalog\controller\extension\d_blog_module\post.php on line 545
2019-08-17 17:48:23 - PHP Notice:  Undefined offset: 2 in C:\xampp\htdocs\webphi\catalog\controller\extension\d_blog_module\post.php on line 545
2019-08-17 17:48:23 - PHP Notice:  Undefined offset: 2 in C:\xampp\htdocs\webphi\catalog\controller\extension\d_blog_module\post.php on line 540
2019-08-17 17:48:23 - PHP Notice:  Undefined offset: 2 in C:\xampp\htdocs\webphi\catalog\controller\extension\d_blog_module\post.php on line 545
2019-08-17 17:48:23 - PHP Notice:  Undefined offset: 2 in C:\xampp\htdocs\webphi\catalog\controller\extension\d_blog_module\post.php on line 545
2019-08-17 17:48:23 - PHP Notice:  Undefined offset: 2 in C:\xampp\htdocs\webphi\catalog\controller\extension\d_blog_module\post.php on line 540
2019-08-17 17:48:23 - PHP Notice:  Undefined offset: 2 in C:\xampp\htdocs\webphi\catalog\controller\extension\d_blog_module\post.php on line 545
2019-08-17 17:48:23 - PHP Notice:  Undefined offset: 2 in C:\xampp\htdocs\webphi\catalog\controller\extension\d_blog_module\post.php on line 545
2019-08-17 17:48:23 - PHP Notice:  Undefined offset: 2 in C:\xampp\htdocs\webphi\catalog\controller\extension\d_blog_module\post.php on line 540
2019-08-17 17:48:23 - PHP Notice:  Undefined offset: 2 in C:\xampp\htdocs\webphi\catalog\controller\extension\d_blog_module\post.php on line 545
2019-08-17 17:48:23 - PHP Notice:  Undefined offset: 2 in C:\xampp\htdocs\webphi\catalog\controller\extension\d_blog_module\post.php on line 545
2019-08-17 17:48:54 - PHP Notice:  Undefined offset: 2 in C:\xampp\htdocs\webphi\catalog\controller\extension\d_blog_module\post.php on line 545
2019-08-17 17:48:54 - PHP Notice:  Undefined offset: 2 in C:\xampp\htdocs\webphi\catalog\controller\extension\d_blog_module\post.php on line 545
2019-08-17 17:48:54 - PHP Notice:  Undefined offset: 2 in C:\xampp\htdocs\webphi\catalog\controller\extension\d_blog_module\post.php on line 545
2019-08-17 17:48:54 - PHP Notice:  Undefined offset: 2 in C:\xampp\htdocs\webphi\catalog\controller\extension\d_blog_module\post.php on line 545
2019-08-17 17:48:54 - PHP Notice:  Undefined offset: 2 in C:\xampp\htdocs\webphi\catalog\controller\extension\d_blog_module\post.php on line 545
2019-08-17 17:48:54 - PHP Notice:  Undefined offset: 2 in C:\xampp\htdocs\webphi\catalog\controller\extension\d_blog_module\post.php on line 545
2019-08-17 17:48:54 - PHP Notice:  Undefined offset: 2 in C:\xampp\htdocs\webphi\catalog\controller\extension\d_blog_module\post.php on line 545
2019-08-17 17:48:54 - PHP Notice:  Undefined offset: 2 in C:\xampp\htdocs\webphi\catalog\controller\extension\d_blog_module\post.php on line 545
2019-08-17 17:48:54 - PHP Notice:  Undefined offset: 2 in C:\xampp\htdocs\webphi\catalog\controller\extension\d_blog_module\post.php on line 545
2019-08-17 17:48:54 - PHP Notice:  Undefined offset: 2 in C:\xampp\htdocs\webphi\catalog\controller\extension\d_blog_module\post.php on line 545
2019-08-17 17:48:54 - PHP Notice:  Undefined offset: 2 in C:\xampp\htdocs\webphi\catalog\controller\extension\d_blog_module\post.php on line 545
2019-08-17 17:48:54 - PHP Notice:  Undefined offset: 2 in C:\xampp\htdocs\webphi\catalog\controller\extension\d_blog_module\post.php on line 545
2019-08-17 17:48:54 - PHP Notice:  Undefined offset: 2 in C:\xampp\htdocs\webphi\catalog\controller\extension\d_blog_module\post.php on line 545
2019-08-17 17:48:54 - PHP Notice:  Undefined offset: 2 in C:\xampp\htdocs\webphi\catalog\controller\extension\d_blog_module\post.php on line 545
2019-08-17 17:50:07 - PHP Notice:  Undefined offset: 2 in C:\xampp\htdocs\webphi\catalog\controller\extension\d_blog_module\post.php on line 545
2019-08-17 17:50:07 - PHP Notice:  Undefined offset: 2 in C:\xampp\htdocs\webphi\catalog\controller\extension\d_blog_module\post.php on line 545
2019-08-17 17:50:07 - PHP Notice:  Undefined offset: 2 in C:\xampp\htdocs\webphi\catalog\controller\extension\d_blog_module\post.php on line 545
2019-08-17 17:50:07 - PHP Notice:  Undefined offset: 2 in C:\xampp\htdocs\webphi\catalog\controller\extension\d_blog_module\post.php on line 545
2019-08-17 17:50:07 - PHP Notice:  Undefined offset: 2 in C:\xampp\htdocs\webphi\catalog\controller\extension\d_blog_module\post.php on line 545
2019-08-17 17:50:07 - PHP Notice:  Undefined offset: 2 in C:\xampp\htdocs\webphi\catalog\controller\extension\d_blog_module\post.php on line 545
2019-08-17 17:50:07 - PHP Notice:  Undefined offset: 2 in C:\xampp\htdocs\webphi\catalog\controller\extension\d_blog_module\post.php on line 545
2019-08-17 17:50:07 - PHP Notice:  Undefined offset: 2 in C:\xampp\htdocs\webphi\catalog\controller\extension\d_blog_module\post.php on line 545
2019-08-17 17:50:07 - PHP Notice:  Undefined offset: 2 in C:\xampp\htdocs\webphi\catalog\controller\extension\d_blog_module\post.php on line 545
2019-08-17 17:50:07 - PHP Notice:  Undefined offset: 2 in C:\xampp\htdocs\webphi\catalog\controller\extension\d_blog_module\post.php on line 545
2019-08-17 17:50:07 - PHP Notice:  Undefined offset: 2 in C:\xampp\htdocs\webphi\catalog\controller\extension\d_blog_module\post.php on line 545
2019-08-17 17:50:07 - PHP Notice:  Undefined offset: 2 in C:\xampp\htdocs\webphi\catalog\controller\extension\d_blog_module\post.php on line 545
2019-08-17 17:50:07 - PHP Notice:  Undefined offset: 2 in C:\xampp\htdocs\webphi\catalog\controller\extension\d_blog_module\post.php on line 545
2019-08-17 17:50:07 - PHP Notice:  Undefined offset: 2 in C:\xampp\htdocs\webphi\catalog\controller\extension\d_blog_module\post.php on line 545
2019-08-18 2:25:59 - PHP Notice:  Undefined index: post in C:\xampp\htdocs\webphi\catalog\controller\common\home.php on line 576
2019-08-18 2:36:48 - PHP Notice:  Undefined index: title in C:\xampp\htdocs\webphi\catalog\controller\common\home.php on line 435
2019-08-18 2:36:48 - PHP Notice:  Undefined variable: styles in C:\xampp\htdocs\webphi\catalog\controller\common\home.php on line 453
2019-08-18 2:36:48 - PHP Warning:  array_merge(): Expected parameter 2 to be an array, null given in C:\xampp\htdocs\webphi\catalog\controller\common\home.php on line 453
2019-08-18 2:36:48 - PHP Notice:  Undefined variable: scripts in C:\xampp\htdocs\webphi\catalog\controller\common\home.php on line 457
2019-08-18 2:36:48 - PHP Warning:  array_merge(): Expected parameter 2 to be an array, null given in C:\xampp\htdocs\webphi\catalog\controller\common\home.php on line 457
2019-08-18 2:36:48 - PHP Notice:  Undefined variable: layout in C:\xampp\htdocs\webphi\catalog\controller\common\home.php on line 479
2019-08-18 2:36:48 - PHP Warning:  count(): Parameter must be an array or an object that implements Countable in C:\xampp\htdocs\webphi\catalog\controller\common\home.php on line 479
2019-08-18 2:36:48 - PHP Notice:  Undefined variable: layout in C:\xampp\htdocs\webphi\catalog\controller\common\home.php on line 488
2019-08-18 2:36:48 - PHP Notice:  Undefined variable: layout in C:\xampp\htdocs\webphi\catalog\controller\common\home.php on line 488
2019-08-18 2:36:48 - PHP Notice:  Undefined variable: layout in C:\xampp\htdocs\webphi\catalog\controller\common\home.php on line 488
2019-08-18 2:36:48 - PHP Notice:  Undefined variable: layout in C:\xampp\htdocs\webphi\catalog\controller\common\home.php on line 488
2019-08-18 2:36:48 - PHP Notice:  Undefined variable: layout in C:\xampp\htdocs\webphi\catalog\controller\common\home.php on line 488
2019-08-18 2:37:20 - PHP Notice:  Undefined variable: styles in C:\xampp\htdocs\webphi\catalog\controller\common\home.php on line 451
2019-08-18 2:37:20 - PHP Warning:  array_merge(): Expected parameter 2 to be an array, null given in C:\xampp\htdocs\webphi\catalog\controller\common\home.php on line 451
2019-08-18 2:37:20 - PHP Notice:  Undefined variable: scripts in C:\xampp\htdocs\webphi\catalog\controller\common\home.php on line 455
2019-08-18 2:37:20 - PHP Warning:  array_merge(): Expected parameter 2 to be an array, null given in C:\xampp\htdocs\webphi\catalog\controller\common\home.php on line 455
2019-08-18 2:37:20 - PHP Notice:  Undefined variable: layout in C:\xampp\htdocs\webphi\catalog\controller\common\home.php on line 477
2019-08-18 2:37:20 - PHP Warning:  count(): Parameter must be an array or an object that implements Countable in C:\xampp\htdocs\webphi\catalog\controller\common\home.php on line 477
2019-08-18 2:37:20 - PHP Notice:  Undefined variable: layout in C:\xampp\htdocs\webphi\catalog\controller\common\home.php on line 486
2019-08-18 2:37:20 - PHP Notice:  Undefined variable: layout in C:\xampp\htdocs\webphi\catalog\controller\common\home.php on line 486
2019-08-18 2:37:20 - PHP Notice:  Undefined variable: layout in C:\xampp\htdocs\webphi\catalog\controller\common\home.php on line 486
2019-08-18 2:37:20 - PHP Notice:  Undefined variable: layout in C:\xampp\htdocs\webphi\catalog\controller\common\home.php on line 486
2019-08-18 2:37:20 - PHP Notice:  Undefined variable: layout in C:\xampp\htdocs\webphi\catalog\controller\common\home.php on line 486
2019-08-18 2:38:00 - PHP Notice:  Undefined variable: layout in C:\xampp\htdocs\webphi\catalog\controller\common\home.php on line 461
2019-08-18 2:38:00 - PHP Warning:  count(): Parameter must be an array or an object that implements Countable in C:\xampp\htdocs\webphi\catalog\controller\common\home.php on line 461
2019-08-18 2:38:00 - PHP Notice:  Undefined variable: layout in C:\xampp\htdocs\webphi\catalog\controller\common\home.php on line 470
2019-08-18 2:38:00 - PHP Notice:  Undefined variable: layout in C:\xampp\htdocs\webphi\catalog\controller\common\home.php on line 470
2019-08-18 2:38:00 - PHP Notice:  Undefined variable: layout in C:\xampp\htdocs\webphi\catalog\controller\common\home.php on line 470
2019-08-18 2:38:00 - PHP Notice:  Undefined variable: layout in C:\xampp\htdocs\webphi\catalog\controller\common\home.php on line 470
2019-08-18 2:38:00 - PHP Notice:  Undefined variable: layout in C:\xampp\htdocs\webphi\catalog\controller\common\home.php on line 470
