2019-08-18 16:34:40 - PHP Warning:  mail(): Failed to connect to mailserver at &quot;localhost&quot; port 25, verify your &quot;SMTP&quot; and &quot;smtp_port&quot; setting in php.ini or use ini_set() in C:\xampp\htdocs\webphi\system\library\mail\mail.php on line 77
2019-08-18 18:33:01 - PHP Warning:  mail(): Failed to connect to mailserver at &quot;localhost&quot; port 25, verify your &quot;SMTP&quot; and &quot;smtp_port&quot; setting in php.ini or use ini_set() in C:\xampp\htdocs\webphi\system\library\mail\mail.php on line 77
2019-08-18 18:33:03 - PHP Warning:  mail(): Failed to connect to mailserver at &quot;localhost&quot; port 25, verify your &quot;SMTP&quot; and &quot;smtp_port&quot; setting in php.ini or use ini_set() in C:\xampp\htdocs\webphi\system\library\mail\mail.php on line 77
2019-08-26 14:50:27 - PHP Notice:  Undefined index: description in C:\xampp\htdocs\webphi\catalog\controller\common\home.php on line 436
2019-11-16 13:57:17 - PHP Warning:  Use of undefined constant OPENCART_SERVER - assumed 'OPENCART_SERVER' (this will throw an Error in a future version of PHP) in /home/keoti770/public_html/admin/controller/marketplace/marketplace.php on line 151
2019-11-16 13:57:31 - PHP Warning:  Use of undefined constant OPENCART_SERVER - assumed 'OPENCART_SERVER' (this will throw an Error in a future version of PHP) in /home/keoti770/public_html/admin/controller/marketplace/marketplace.php on line 151
2019-11-16 13:57:44 - PHP Warning:  Use of undefined constant OPENCART_SERVER - assumed 'OPENCART_SERVER' (this will throw an Error in a future version of PHP) in /home/keoti770/public_html/admin/controller/extension/extension/promotion.php on line 6
2019-11-16 13:57:52 - PHP Warning:  Use of undefined constant OPENCART_SERVER - assumed 'OPENCART_SERVER' (this will throw an Error in a future version of PHP) in /home/keoti770/public_html/admin/controller/extension/extension/promotion.php on line 6
2019-11-16 13:58:03 - PHP Warning:  Use of undefined constant OPENCART_SERVER - assumed 'OPENCART_SERVER' (this will throw an Error in a future version of PHP) in /home/keoti770/public_html/admin/controller/extension/extension/promotion.php on line 6
2019-11-16 13:58:24 - PHP Warning:  Use of undefined constant OPENCART_SERVER - assumed 'OPENCART_SERVER' (this will throw an Error in a future version of PHP) in /home/keoti770/public_html/admin/controller/extension/extension/promotion.php on line 6
2019-11-16 13:58:30 - PHP Warning:  Use of undefined constant OPENCART_SERVER - assumed 'OPENCART_SERVER' (this will throw an Error in a future version of PHP) in /home/keoti770/public_html/admin/controller/extension/extension/promotion.php on line 6
2019-11-16 13:58:42 - PHP Warning:  Use of undefined constant OPENCART_SERVER - assumed 'OPENCART_SERVER' (this will throw an Error in a future version of PHP) in /home/keoti770/public_html/admin/controller/extension/extension/promotion.php on line 6
2019-11-16 18:39:34 - PHP Warning:  Use of undefined constant OPENCART_SERVER - assumed 'OPENCART_SERVER' (this will throw an Error in a future version of PHP) in /home/keoti770/public_html/admin/controller/extension/extension/promotion.php on line 6
2019-11-16 19:13:23 - PHP Warning:  Use of undefined constant OPENCART_SERVER - assumed 'OPENCART_SERVER' (this will throw an Error in a future version of PHP) in /home/keoti770/public_html/admin/controller/extension/extension/promotion.php on line 6
2019-11-16 19:16:56 - PHP Warning:  Use of undefined constant OPENCART_SERVER - assumed 'OPENCART_SERVER' (this will throw an Error in a future version of PHP) in /home/keoti770/public_html/admin/controller/extension/extension/promotion.php on line 6
2019-11-17 0:46:31 - PHP Warning:  Use of undefined constant OPENCART_SERVER - assumed 'OPENCART_SERVER' (this will throw an Error in a future version of PHP) in /home/keoti770/public_html/admin/controller/marketplace/marketplace.php on line 151
2019-11-17 1:53:18 - PHP Warning:  Use of undefined constant OPENCART_SERVER - assumed 'OPENCART_SERVER' (this will throw an Error in a future version of PHP) in /home/keoti770/public_html/admin/controller/extension/extension/promotion.php on line 6
2019-11-17 1:54:09 - PHP Warning:  Use of undefined constant OPENCART_SERVER - assumed 'OPENCART_SERVER' (this will throw an Error in a future version of PHP) in /home/keoti770/public_html/admin/controller/extension/extension/promotion.php on line 6
2019-11-17 2:38:49 - PHP Warning:  Use of undefined constant OPENCART_SERVER - assumed 'OPENCART_SERVER' (this will throw an Error in a future version of PHP) in /home/keoti770/public_html/admin/controller/extension/extension/promotion.php on line 6
2019-11-17 2:39:15 - PHP Warning:  Use of undefined constant OPENCART_SERVER - assumed 'OPENCART_SERVER' (this will throw an Error in a future version of PHP) in /home/keoti770/public_html/admin/controller/extension/extension/promotion.php on line 6
2019-11-17 2:46:39 - PHP Warning:  Use of undefined constant OPENCART_SERVER - assumed 'OPENCART_SERVER' (this will throw an Error in a future version of PHP) in /home/keoti770/public_html/admin/controller/extension/extension/promotion.php on line 6
2019-11-17 2:47:16 - PHP Warning:  Use of undefined constant OPENCART_SERVER - assumed 'OPENCART_SERVER' (this will throw an Error in a future version of PHP) in /home/keoti770/public_html/admin/controller/extension/extension/promotion.php on line 6
2019-11-17 2:49:01 - PHP Warning:  Use of undefined constant OPENCART_SERVER - assumed 'OPENCART_SERVER' (this will throw an Error in a future version of PHP) in /home/keoti770/public_html/admin/controller/extension/extension/promotion.php on line 6
2019-11-17 2:53:30 - PHP Warning:  Use of undefined constant OPENCART_SERVER - assumed 'OPENCART_SERVER' (this will throw an Error in a future version of PHP) in /home/keoti770/public_html/admin/controller/extension/extension/promotion.php on line 6
2019-11-17 6:58:18 - PHP Warning:  Use of undefined constant OPENCART_SERVER - assumed 'OPENCART_SERVER' (this will throw an Error in a future version of PHP) in /home/keoti770/public_html/admin/controller/extension/extension/promotion.php on line 6
2019-11-17 14:55:49 - PHP Warning:  Use of undefined constant OPENCART_SERVER - assumed 'OPENCART_SERVER' (this will throw an Error in a future version of PHP) in /home/keoti770/public_html/admin/controller/extension/extension/promotion.php on line 6
2019-11-17 14:56:15 - PHP Warning:  Use of undefined constant OPENCART_SERVER - assumed 'OPENCART_SERVER' (this will throw an Error in a future version of PHP) in /home/keoti770/public_html/admin/controller/extension/extension/promotion.php on line 6
2019-11-17 15:21:01 - PHP Warning:  Use of undefined constant OPENCART_SERVER - assumed 'OPENCART_SERVER' (this will throw an Error in a future version of PHP) in /home/keoti770/public_html/admin/controller/extension/extension/promotion.php on line 6
2019-11-17 15:34:42 - PHP Warning:  Use of undefined constant OPENCART_SERVER - assumed 'OPENCART_SERVER' (this will throw an Error in a future version of PHP) in /home/keoti770/public_html/admin/controller/extension/extension/promotion.php on line 6
2019-11-17 15:35:55 - PHP Warning:  Use of undefined constant OPENCART_SERVER - assumed 'OPENCART_SERVER' (this will throw an Error in a future version of PHP) in /home/keoti770/public_html/admin/controller/extension/extension/promotion.php on line 6
2019-11-17 15:46:17 - PHP Warning:  Use of undefined constant OPENCART_SERVER - assumed 'OPENCART_SERVER' (this will throw an Error in a future version of PHP) in /home/keoti770/public_html/admin/controller/extension/extension/promotion.php on line 6
2019-11-17 16:50:50 - PHP Warning:  Use of undefined constant OPENCART_SERVER - assumed 'OPENCART_SERVER' (this will throw an Error in a future version of PHP) in /home/keoti770/public_html/admin/controller/extension/extension/promotion.php on line 6
2019-11-17 16:51:29 - PHP Warning:  Use of undefined constant OPENCART_SERVER - assumed 'OPENCART_SERVER' (this will throw an Error in a future version of PHP) in /home/keoti770/public_html/admin/controller/extension/extension/promotion.php on line 6
2019-11-17 16:57:01 - PHP Warning:  Use of undefined constant OPENCART_SERVER - assumed 'OPENCART_SERVER' (this will throw an Error in a future version of PHP) in /home/keoti770/public_html/admin/controller/extension/extension/promotion.php on line 6
2019-11-17 16:58:31 - PHP Warning:  Use of undefined constant OPENCART_SERVER - assumed 'OPENCART_SERVER' (this will throw an Error in a future version of PHP) in /home/keoti770/public_html/admin/controller/extension/extension/promotion.php on line 6
2019-11-17 16:59:31 - PHP Warning:  Use of undefined constant OPENCART_SERVER - assumed 'OPENCART_SERVER' (this will throw an Error in a future version of PHP) in /home/keoti770/public_html/admin/controller/extension/extension/promotion.php on line 6
2019-11-17 17:00:55 - PHP Warning:  Use of undefined constant OPENCART_SERVER - assumed 'OPENCART_SERVER' (this will throw an Error in a future version of PHP) in /home/keoti770/public_html/admin/controller/extension/extension/promotion.php on line 6
2019-11-17 17:03:14 - PHP Warning:  Use of undefined constant OPENCART_SERVER - assumed 'OPENCART_SERVER' (this will throw an Error in a future version of PHP) in /home/keoti770/public_html/admin/controller/extension/extension/promotion.php on line 6
2019-11-17 17:04:34 - PHP Warning:  Use of undefined constant OPENCART_SERVER - assumed 'OPENCART_SERVER' (this will throw an Error in a future version of PHP) in /home/keoti770/public_html/admin/controller/extension/extension/promotion.php on line 6
2019-11-17 17:06:09 - PHP Warning:  Use of undefined constant OPENCART_SERVER - assumed 'OPENCART_SERVER' (this will throw an Error in a future version of PHP) in /home/keoti770/public_html/admin/controller/extension/extension/promotion.php on line 6
2019-11-17 17:15:20 - PHP Warning:  Use of undefined constant OPENCART_SERVER - assumed 'OPENCART_SERVER' (this will throw an Error in a future version of PHP) in /home/keoti770/public_html/admin/controller/extension/extension/promotion.php on line 6
2019-11-17 17:16:20 - PHP Warning:  Use of undefined constant OPENCART_SERVER - assumed 'OPENCART_SERVER' (this will throw an Error in a future version of PHP) in /home/keoti770/public_html/admin/controller/extension/extension/promotion.php on line 6
2019-11-18 17:05:32 - PHP Warning:  Use of undefined constant OPENCART_SERVER - assumed 'OPENCART_SERVER' (this will throw an Error in a future version of PHP) in /home/keoti770/public_html/admin/controller/extension/extension/promotion.php on line 6
2019-11-18 17:07:37 - PHP Warning:  Use of undefined constant OPENCART_SERVER - assumed 'OPENCART_SERVER' (this will throw an Error in a future version of PHP) in /home/keoti770/public_html/admin/controller/extension/extension/promotion.php on line 6
2019-11-19 3:03:47 - PHP Warning:  Use of undefined constant OPENCART_SERVER - assumed 'OPENCART_SERVER' (this will throw an Error in a future version of PHP) in /home/keoti770/public_html/admin/controller/extension/extension/promotion.php on line 6
2019-11-19 3:04:32 - PHP Warning:  Use of undefined constant OPENCART_SERVER - assumed 'OPENCART_SERVER' (this will throw an Error in a future version of PHP) in /home/keoti770/public_html/admin/controller/extension/extension/promotion.php on line 6
2019-11-19 3:05:31 - PHP Warning:  Use of undefined constant OPENCART_SERVER - assumed 'OPENCART_SERVER' (this will throw an Error in a future version of PHP) in /home/keoti770/public_html/admin/controller/extension/extension/promotion.php on line 6
2019-11-19 5:57:27 - PHP Warning:  Use of undefined constant OPENCART_SERVER - assumed 'OPENCART_SERVER' (this will throw an Error in a future version of PHP) in /home/keoti770/public_html/admin/controller/extension/extension/promotion.php on line 6
2019-11-19 6:00:34 - PHP Warning:  Use of undefined constant OPENCART_SERVER - assumed 'OPENCART_SERVER' (this will throw an Error in a future version of PHP) in /home/keoti770/public_html/admin/controller/extension/extension/promotion.php on line 6
2019-11-19 6:01:07 - PHP Warning:  Use of undefined constant OPENCART_SERVER - assumed 'OPENCART_SERVER' (this will throw an Error in a future version of PHP) in /home/keoti770/public_html/admin/controller/extension/extension/promotion.php on line 6
2019-11-21 9:39:35 - PHP Warning:  Use of undefined constant OPENCART_SERVER - assumed 'OPENCART_SERVER' (this will throw an Error in a future version of PHP) in /home/keoti770/public_html/admin/controller/extension/extension/promotion.php on line 6
2019-11-21 16:38:25 - PHP Warning:  Use of undefined constant OPENCART_SERVER - assumed 'OPENCART_SERVER' (this will throw an Error in a future version of PHP) in /home/keoti770/public_html/admin/controller/extension/extension/promotion.php on line 6
2019-11-22 2:55:31 - PHP Warning:  Use of undefined constant OPENCART_SERVER - assumed 'OPENCART_SERVER' (this will throw an Error in a future version of PHP) in /home/keoti770/public_html/admin/controller/extension/extension/promotion.php on line 6
2019-11-22 2:56:10 - PHP Warning:  Use of undefined constant OPENCART_SERVER - assumed 'OPENCART_SERVER' (this will throw an Error in a future version of PHP) in /home/keoti770/public_html/admin/controller/extension/extension/promotion.php on line 6
2019-11-22 2:58:25 - PHP Warning:  Use of undefined constant OPENCART_SERVER - assumed 'OPENCART_SERVER' (this will throw an Error in a future version of PHP) in /home/keoti770/public_html/admin/controller/marketplace/marketplace.php on line 151
2019-11-22 2:59:08 - PHP Warning:  Use of undefined constant OPENCART_SERVER - assumed 'OPENCART_SERVER' (this will throw an Error in a future version of PHP) in /home/keoti770/public_html/admin/controller/extension/extension/promotion.php on line 6
2019-11-22 2:59:28 - PHP Warning:  Use of undefined constant OPENCART_SERVER - assumed 'OPENCART_SERVER' (this will throw an Error in a future version of PHP) in /home/keoti770/public_html/admin/controller/extension/extension/promotion.php on line 6
2019-11-22 3:05:19 - PHP Warning:  Use of undefined constant OPENCART_SERVER - assumed 'OPENCART_SERVER' (this will throw an Error in a future version of PHP) in /home/keoti770/public_html/admin/controller/marketplace/marketplace.php on line 151
2019-11-22 3:05:44 - PHP Warning:  Use of undefined constant OPENCART_SERVER - assumed 'OPENCART_SERVER' (this will throw an Error in a future version of PHP) in /home/keoti770/public_html/admin/controller/extension/extension/promotion.php on line 6
2019-11-22 3:05:51 - PHP Warning:  Use of undefined constant OPENCART_SERVER - assumed 'OPENCART_SERVER' (this will throw an Error in a future version of PHP) in /home/keoti770/public_html/admin/controller/extension/extension/promotion.php on line 6
2019-11-22 3:06:07 - PHP Warning:  Use of undefined constant OPENCART_SERVER - assumed 'OPENCART_SERVER' (this will throw an Error in a future version of PHP) in /home/keoti770/public_html/admin/controller/extension/extension/promotion.php on line 6
2019-11-22 3:06:52 - PHP Warning:  Use of undefined constant OPENCART_SERVER - assumed 'OPENCART_SERVER' (this will throw an Error in a future version of PHP) in /home/keoti770/public_html/admin/controller/extension/extension/promotion.php on line 6
2019-11-22 3:06:58 - PHP Warning:  Use of undefined constant OPENCART_SERVER - assumed 'OPENCART_SERVER' (this will throw an Error in a future version of PHP) in /home/keoti770/public_html/admin/controller/extension/extension/promotion.php on line 6
2019-11-23 8:31:10 - PHP Warning:  unlink(/home/keoti770/public_html/storage/cache/cache.catalog.language.1574482623): No such file or directory in /home/keoti770/public_html/system/library/cache/file.php on line 17
2019-11-23 8:31:10 - PHP Warning:  unlink(/home/keoti770/public_html/storage/cache/cache.catalog.language.1574482623): No such file or directory in /home/keoti770/public_html/system/library/cache/file.php on line 17
2019-11-23 9:53:24 - PHP Warning:  unlink(/home/keoti770/public_html/storage/cache/cache.catalog.language.1574501471): No such file or directory in /home/keoti770/public_html/system/library/cache/file.php on line 17
2019-12-01 17:43:50 - PHP Warning:  unlink(/home/keoti770/public_html/storage/cache/cache.catalog.language.1575217706): No such file or directory in /home/keoti770/public_html/system/library/cache/file.php on line 17
2019-12-08 5:47:33 - PHP Warning:  Use of undefined constant OPENCART_SERVER - assumed 'OPENCART_SERVER' (this will throw an Error in a future version of PHP) in /home/keoti770/public_html/admin/controller/extension/extension/promotion.php on line 6
2019-12-08 5:48:21 - PHP Warning:  Use of undefined constant OPENCART_SERVER - assumed 'OPENCART_SERVER' (this will throw an Error in a future version of PHP) in /home/keoti770/public_html/admin/controller/extension/extension/promotion.php on line 6
2019-12-08 6:13:29 - PHP Warning:  Use of undefined constant OPENCART_SERVER - assumed 'OPENCART_SERVER' (this will throw an Error in a future version of PHP) in /home/keoti770/public_html/admin/controller/extension/extension/promotion.php on line 6
2019-12-28 2:14:15 - PHP Warning:  unlink(/home/keoti770/public_html/storage/cache/cache.catalog.language.1577493561): No such file or directory in /home/keoti770/public_html/system/library/cache/file.php on line 17
2019-12-28 2:14:15 - PHP Warning:  unlink(/home/keoti770/public_html/storage/cache/cache.catalog.language.1577493561): No such file or directory in /home/keoti770/public_html/system/library/cache/file.php on line 17
2019-12-29 9:01:46 - PHP Warning:  unlink(/home/keoti770/public_html/storage/cache/cache.catalog.language.1577601484): No such file or directory in /home/keoti770/public_html/system/library/cache/file.php on line 17
2019-12-29 9:01:46 - PHP Warning:  unlink(/home/keoti770/public_html/storage/cache/cache.catalog.language.1577601484): No such file or directory in /home/keoti770/public_html/system/library/cache/file.php on line 17
2019-12-29 9:01:46 - PHP Warning:  unlink(/home/keoti770/public_html/storage/cache/cache.catalog.language.1577601484): No such file or directory in /home/keoti770/public_html/system/library/cache/file.php on line 17
2020-01-23 16:52:56 - PHP Warning:  unlink(/home/keoti770/public_html/storage/cache/cache.catalog.language.1579778140): No such file or directory in /home/keoti770/public_html/system/library/cache/file.php on line 17
2020-01-23 16:52:56 - PHP Warning:  unlink(/home/keoti770/public_html/storage/cache/cache.catalog.language.1579778140): No such file or directory in /home/keoti770/public_html/system/library/cache/file.php on line 17
2020-01-23 16:52:56 - PHP Warning:  unlink(/home/keoti770/public_html/storage/cache/cache.catalog.language.1579778140): No such file or directory in /home/keoti770/public_html/system/library/cache/file.php on line 17
2020-01-23 16:52:56 - PHP Warning:  unlink(/home/keoti770/public_html/storage/cache/cache.catalog.language.1579778140): No such file or directory in /home/keoti770/public_html/system/library/cache/file.php on line 17
2020-01-31 6:28:42 - PHP Notice:  A non well formed numeric value encountered in /home/keoti770/public_html/catalog/controller/product/category.php on line 138
2020-01-31 6:28:42 - PHP Notice:  A non well formed numeric value encountered in /home/keoti770/public_html/system/library/pagination.php on line 54
2020-01-31 6:28:42 - PHP Notice:  A non well formed numeric value encountered in /home/keoti770/public_html/catalog/controller/product/category.php on line 323
2020-01-31 6:28:42 - PHP Notice:  A non well formed numeric value encountered in /home/keoti770/public_html/catalog/controller/product/category.php on line 323
2020-01-31 6:28:42 - PHP Notice:  A non well formed numeric value encountered in /home/keoti770/public_html/catalog/controller/product/category.php on line 333
2020-01-31 6:28:45 - PHP Notice:  A non well formed numeric value encountered in /home/keoti770/public_html/catalog/controller/product/category.php on line 138
2020-01-31 6:28:45 - PHP Notice:  A non well formed numeric value encountered in /home/keoti770/public_html/system/library/pagination.php on line 54
2020-01-31 6:28:45 - PHP Notice:  A non well formed numeric value encountered in /home/keoti770/public_html/catalog/controller/product/category.php on line 323
2020-01-31 6:28:45 - PHP Notice:  A non well formed numeric value encountered in /home/keoti770/public_html/catalog/controller/product/category.php on line 323
2020-01-31 6:28:45 - PHP Notice:  A non well formed numeric value encountered in /home/keoti770/public_html/catalog/controller/product/category.php on line 333
2020-01-31 6:29:33 - PHP Notice:  A non well formed numeric value encountered in /home/keoti770/public_html/catalog/controller/product/category.php on line 138
2020-01-31 6:29:33 - PHP Notice:  A non well formed numeric value encountered in /home/keoti770/public_html/system/library/pagination.php on line 54
2020-01-31 6:29:33 - PHP Notice:  A non well formed numeric value encountered in /home/keoti770/public_html/catalog/controller/product/category.php on line 323
2020-01-31 6:29:33 - PHP Notice:  A non well formed numeric value encountered in /home/keoti770/public_html/catalog/controller/product/category.php on line 323
2020-01-31 6:29:33 - PHP Notice:  A non well formed numeric value encountered in /home/keoti770/public_html/catalog/controller/product/category.php on line 333
2020-01-31 6:29:35 - PHP Notice:  A non well formed numeric value encountered in /home/keoti770/public_html/catalog/controller/product/category.php on line 138
2020-01-31 6:29:35 - PHP Notice:  A non well formed numeric value encountered in /home/keoti770/public_html/system/library/pagination.php on line 54
2020-01-31 6:29:35 - PHP Notice:  A non well formed numeric value encountered in /home/keoti770/public_html/catalog/controller/product/category.php on line 323
2020-01-31 6:29:35 - PHP Notice:  A non well formed numeric value encountered in /home/keoti770/public_html/catalog/controller/product/category.php on line 323
2020-01-31 6:29:35 - PHP Notice:  A non well formed numeric value encountered in /home/keoti770/public_html/catalog/controller/product/category.php on line 333
2020-01-31 6:31:05 - PHP Notice:  A non well formed numeric value encountered in /home/keoti770/public_html/catalog/controller/extension/d_blog_module/category.php on line 211
2020-01-31 6:31:05 - PHP Notice:  A non well formed numeric value encountered in /home/keoti770/public_html/system/library/pagination.php on line 54
2020-01-31 6:31:05 - PHP Notice:  A non well formed numeric value encountered in /home/keoti770/public_html/catalog/controller/extension/d_blog_module/category.php on line 266
2020-01-31 6:31:05 - PHP Notice:  A non well formed numeric value encountered in /home/keoti770/public_html/catalog/controller/extension/d_blog_module/category.php on line 266
2020-01-31 6:31:13 - PHP Notice:  A non well formed numeric value encountered in /home/keoti770/public_html/catalog/controller/extension/d_blog_module/category.php on line 211
2020-01-31 6:31:13 - PHP Notice:  A non well formed numeric value encountered in /home/keoti770/public_html/system/library/pagination.php on line 54
2020-01-31 6:31:13 - PHP Notice:  A non well formed numeric value encountered in /home/keoti770/public_html/catalog/controller/extension/d_blog_module/category.php on line 266
2020-01-31 6:31:13 - PHP Notice:  A non well formed numeric value encountered in /home/keoti770/public_html/catalog/controller/extension/d_blog_module/category.php on line 266
2020-02-18 5:44:29 - PHP Notice:  A non well formed numeric value encountered in /home/keoti770/public_html/catalog/controller/product/category.php on line 138
2020-02-18 5:44:29 - PHP Notice:  A non well formed numeric value encountered in /home/keoti770/public_html/system/library/pagination.php on line 54
2020-02-18 5:44:29 - PHP Notice:  A non well formed numeric value encountered in /home/keoti770/public_html/catalog/controller/product/category.php on line 323
2020-02-18 5:44:29 - PHP Notice:  A non well formed numeric value encountered in /home/keoti770/public_html/catalog/controller/product/category.php on line 323
2020-02-18 5:44:29 - PHP Notice:  A non well formed numeric value encountered in /home/keoti770/public_html/catalog/controller/product/category.php on line 333
2020-02-18 5:44:31 - PHP Notice:  A non well formed numeric value encountered in /home/keoti770/public_html/catalog/controller/product/category.php on line 138
2020-02-18 5:44:31 - PHP Notice:  A non well formed numeric value encountered in /home/keoti770/public_html/system/library/pagination.php on line 54
2020-02-18 5:44:31 - PHP Notice:  A non well formed numeric value encountered in /home/keoti770/public_html/catalog/controller/product/category.php on line 323
2020-02-18 5:44:31 - PHP Notice:  A non well formed numeric value encountered in /home/keoti770/public_html/catalog/controller/product/category.php on line 323
2020-02-18 5:44:31 - PHP Notice:  A non well formed numeric value encountered in /home/keoti770/public_html/catalog/controller/product/category.php on line 333
2020-02-18 5:44:56 - PHP Notice:  A non well formed numeric value encountered in /home/keoti770/public_html/catalog/controller/product/category.php on line 138
2020-02-18 5:44:56 - PHP Notice:  A non well formed numeric value encountered in /home/keoti770/public_html/system/library/pagination.php on line 54
2020-02-18 5:44:56 - PHP Notice:  A non well formed numeric value encountered in /home/keoti770/public_html/catalog/controller/product/category.php on line 323
2020-02-18 5:44:56 - PHP Notice:  A non well formed numeric value encountered in /home/keoti770/public_html/catalog/controller/product/category.php on line 323
2020-02-18 5:44:56 - PHP Notice:  A non well formed numeric value encountered in /home/keoti770/public_html/catalog/controller/product/category.php on line 333
2020-02-18 5:44:58 - PHP Notice:  A non well formed numeric value encountered in /home/keoti770/public_html/catalog/controller/product/category.php on line 138
2020-02-18 5:44:58 - PHP Notice:  A non well formed numeric value encountered in /home/keoti770/public_html/system/library/pagination.php on line 54
2020-02-18 5:44:58 - PHP Notice:  A non well formed numeric value encountered in /home/keoti770/public_html/catalog/controller/product/category.php on line 323
2020-02-18 5:44:58 - PHP Notice:  A non well formed numeric value encountered in /home/keoti770/public_html/catalog/controller/product/category.php on line 323
2020-02-18 5:44:58 - PHP Notice:  A non well formed numeric value encountered in /home/keoti770/public_html/catalog/controller/product/category.php on line 333
2020-02-18 5:46:02 - PHP Notice:  A non well formed numeric value encountered in /home/keoti770/public_html/catalog/controller/extension/d_blog_module/category.php on line 211
2020-02-18 5:46:02 - PHP Notice:  A non well formed numeric value encountered in /home/keoti770/public_html/system/library/pagination.php on line 54
2020-02-18 5:46:02 - PHP Notice:  A non well formed numeric value encountered in /home/keoti770/public_html/catalog/controller/extension/d_blog_module/category.php on line 266
2020-02-18 5:46:02 - PHP Notice:  A non well formed numeric value encountered in /home/keoti770/public_html/catalog/controller/extension/d_blog_module/category.php on line 266
2020-02-18 5:46:08 - PHP Notice:  A non well formed numeric value encountered in /home/keoti770/public_html/catalog/controller/extension/d_blog_module/category.php on line 211
2020-02-18 5:46:08 - PHP Notice:  A non well formed numeric value encountered in /home/keoti770/public_html/system/library/pagination.php on line 54
2020-02-18 5:46:08 - PHP Notice:  A non well formed numeric value encountered in /home/keoti770/public_html/catalog/controller/extension/d_blog_module/category.php on line 266
2020-02-18 5:46:08 - PHP Notice:  A non well formed numeric value encountered in /home/keoti770/public_html/catalog/controller/extension/d_blog_module/category.php on line 266
2020-02-28 23:29:44 - PHP Warning:  unlink(/home/keoti770/public_html/storage/cache/cache.currency.1582922020): No such file or directory in /home/keoti770/public_html/system/library/cache/file.php on line 17
2020-02-29 11:28:22 - PHP Warning:  unlink(/home/keoti770/public_html/storage/cache/cache.catalog.language.1582961768): No such file or directory in /home/keoti770/public_html/system/library/cache/file.php on line 17
2020-02-29 23:27:17 - PHP Warning:  unlink(/home/keoti770/public_html/storage/cache/cache.catalog.language.1583014796): No such file or directory in /home/keoti770/public_html/system/library/cache/file.php on line 17
2020-03-01 23:08:32 - PHP Warning:  unlink(/home/keoti770/public_html/storage/cache/cache.catalog.language.1583100938): No such file or directory in /home/keoti770/public_html/system/library/cache/file.php on line 17
2020-04-11 17:52:30 - PHP Warning:  mysqli::__construct(): (HY000/2002): No such file or directory in /home/keoti770/public_html/system/library/db/mysqli.php on line 7
2020-04-11 17:52:30 - PHP Warning:  DB\MySQLi::__construct(): Couldn't fetch mysqli in /home/keoti770/public_html/system/library/db/mysqli.php on line 10
2020-04-11 17:52:30 - PHP Warning:  DB\MySQLi::__construct(): Couldn't fetch mysqli in /home/keoti770/public_html/system/library/db/mysqli.php on line 10
2020-05-17 17:47:45 - PHP Warning:  unlink(/home/keoti770/public_html/storage/cache/cache.catalog.language.1589737484): No such file or directory in /home/keoti770/public_html/system/library/cache/file.php on line 17
2020-05-17 17:47:45 - PHP Warning:  unlink(/home/keoti770/public_html/storage/cache/cache.catalog.language.1589737484): No such file or directory in /home/keoti770/public_html/system/library/cache/file.php on line 17
2020-05-18 18:55:39 - PHP Warning:  unlink(/home/keoti770/public_html/storage/cache/cache.catalog.language.1589822734): No such file or directory in /home/keoti770/public_html/system/library/cache/file.php on line 17
2020-05-19 17:18:22 - PHP Warning:  unlink(/home/keoti770/public_html/storage/cache/cache.catalog.language.1589905999): No such file or directory in /home/keoti770/public_html/system/library/cache/file.php on line 17
2020-05-19 17:18:22 - PHP Warning:  unlink(/home/keoti770/public_html/storage/cache/cache.catalog.language.1589905999): No such file or directory in /home/keoti770/public_html/system/library/cache/file.php on line 17
2020-05-19 17:18:22 - PHP Warning:  unlink(/home/keoti770/public_html/storage/cache/cache.catalog.language.1589905999): No such file or directory in /home/keoti770/public_html/system/library/cache/file.php on line 17
2020-05-19 17:18:22 - PHP Warning:  unlink(/home/keoti770/public_html/storage/cache/cache.catalog.language.1589912302): No such file or directory in /home/keoti770/public_html/system/library/cache/file.php on line 68
2020-05-21 5:31:14 - PHP Warning:  unlink(/home/keoti770/public_html/storage/cache/cache.catalog.language.1590036273): No such file or directory in /home/keoti770/public_html/system/library/cache/file.php on line 17
2020-05-22 12:06:08 - PHP Warning:  unlink(/home/keoti770/public_html/storage/cache/cache.catalog.language.1590147613): No such file or directory in /home/keoti770/public_html/system/library/cache/file.php on line 17
2020-05-22 12:06:08 - PHP Warning:  unlink(/home/keoti770/public_html/storage/cache/cache.catalog.language.1590147613): No such file or directory in /home/keoti770/public_html/system/library/cache/file.php on line 17
2020-05-22 12:06:08 - PHP Warning:  unlink(/home/keoti770/public_html/storage/cache/cache.catalog.language.1590147613): No such file or directory in /home/keoti770/public_html/system/library/cache/file.php on line 17
2020-05-22 12:06:08 - PHP Warning:  unlink(/home/keoti770/public_html/storage/cache/cache.catalog.language.1590152768): No such file or directory in /home/keoti770/public_html/system/library/cache/file.php on line 68
2020-05-22 12:06:08 - PHP Warning:  unlink(/home/keoti770/public_html/storage/cache/cache.catalog.language.1590152768): No such file or directory in /home/keoti770/public_html/system/library/cache/file.php on line 68
2020-05-22 12:06:08 - PHP Warning:  unlink(/home/keoti770/public_html/storage/cache/cache.currency.1590152768): No such file or directory in /home/keoti770/public_html/system/library/cache/file.php on line 68
2020-05-24 2:45:00 - PHP Warning:  unlink(/home/keoti770/public_html/storage/cache/cache.currency.1590291900): No such file or directory in /home/keoti770/public_html/system/library/cache/file.php on line 68
